[0.517s] Invoking command in '/mnt/c/Users/bubba/code/ros2_ws_code/build/ros2_control_demo_example_16': AMENT_PREFIX_PATH=/mnt/c/Users/bubba/code/ros2_ws_code/install/ros2_control_demo_description:${AMENT_PREFIX_PATH} CMAKE_PREFIX_PATH=/mnt/c/Users/bubba/code/ros2_ws_code/install/ros2_control_demo_description:/opt/ros/jazzy/opt/gz_sim_vendor:/opt/ros/jazzy/opt/gz_sensors_vendor:/opt/ros/jazzy/opt/gz_physics_vendor:/opt/ros/jazzy/opt/sdformat_vendor:/opt/ros/jazzy/opt/gz_gui_vendor:/opt/ros/jazzy/opt/gz_transport_vendor:/opt/ros/jazzy/opt/gz_rendering_vendor:/opt/ros/jazzy/opt/gz_plugin_vendor:/opt/ros/jazzy/opt/gz_fuel_tools_vendor:/opt/ros/jazzy/opt/gz_msgs_vendor:/opt/ros/jazzy/opt/gz_common_vendor:/opt/ros/jazzy/opt/gz_math_vendor:/opt/ros/jazzy/opt/gz_utils_vendor:/opt/ros/jazzy/opt/gz_tools_vendor:/opt/ros/jazzy/opt/gz_ogre_next_vendor:/opt/ros/jazzy/opt/gz_dartsim_vendor:/opt/ros/jazzy/opt/gz_cmake_vendor:/mnt/c/Users/bubba/code/ros2_ws_code/install/simple_scara_arm:/mnt/c/Users/bubba/code/ros2_ws_code/install/scara_arm:/opt/ros/jazzy /usr/bin/cmake /mnt/c/Users/bubba/code/ros2_ws_code/src/ros2_control_demos/example_16 -DCMAKE_INSTALL_PREFIX=/mnt/c/Users/bubba/code/ros2_ws_code/install/ros2_control_demo_example_16
[1.158s] -- The CXX compiler identification is GNU 13.3.0
[2.513s] -- Detecting CXX compiler ABI info
[4.106s] -- Detecting CXX compiler ABI info - done
[4.170s] -- Check for working CXX compiler: /usr/bin/c++ - skipped
[4.172s] -- Detecting CXX compile features
[4.174s] -- Detecting CXX compile features - done
[4.356s] -- Found ros2_control_cmake: 0.3.0 (/opt/ros/jazzy/share/ros2_control_cmake/cmake)
[4.360s] -- Compiler warnings enabled for GNU
[4.364s] -- Detected GCC Version: 13.3.0 (Major: 13, Minor: 3)
[4.481s] -- Found controller_manager: 4.39.2 (/opt/ros/jazzy/share/controller_manager/cmake)
[5.511s] -- Found Python3: /usr/bin/python3 (found version "3.12.3") found components: Interpreter 
[9.901s] -- Found rosidl_generator_c: 4.6.6 (/opt/ros/jazzy/share/rosidl_generator_c/cmake)
[10.303s] -- Found rosidl_generator_cpp: 4.6.6 (/opt/ros/jazzy/share/rosidl_generator_cpp/cmake)
[10.720s] -- Using all available rosidl_typesupport_c: rosidl_typesupport_fastrtps_c;rosidl_typesupport_introspection_c
[11.168s] -- Using all available rosidl_typesupport_cpp: rosidl_typesupport_fastrtps_cpp;rosidl_typesupport_introspection_cpp
[12.674s] -- Found rmw_implementation_cmake: 7.3.2 (/opt/ros/jazzy/share/rmw_implementation_cmake/cmake)
[12.831s] -- Found rmw_fastrtps_cpp: 8.4.3 (/opt/ros/jazzy/share/rmw_fastrtps_cpp/cmake)
[13.694s] -- Found OpenSSL: /usr/lib/x86_64-linux-gnu/libcrypto.so (found version "3.0.13")  
[14.376s] -- Found FastRTPS: /opt/ros/jazzy/include (Required is at least version "2.13") 
[14.730s] -- Using RMW implementation 'rmw_fastrtps_cpp' as default
[23.024s] -- Found ament_cmake_pytest: 2.5.4 (/opt/ros/jazzy/share/ament_cmake_pytest/cmake)
[24.325s] -- Found ament_cmake_ros: 0.12.0 (/opt/ros/jazzy/share/ament_cmake_ros/cmake)
[24.698s] -- Found launch_testing_ament_cmake: 3.4.9 (/opt/ros/jazzy/share/launch_testing_ament_cmake/cmake)
[24.790s] -- Found python_cmake_module: 0.11.1 (/opt/ros/jazzy/share/python_cmake_module/cmake)
[25.577s] -- Found PythonExtra: /usr/bin/python3  
[27.625s] -- Configuring done (27.0s)
[28.461s] -- Generating done (0.8s)
[28.939s] -- Build files have been written to: /mnt/c/Users/bubba/code/ros2_ws_code/build/ros2_control_demo_example_16
[28.965s] Invoked command in '/mnt/c/Users/bubba/code/ros2_ws_code/build/ros2_control_demo_example_16' returned '0': AMENT_PREFIX_PATH=/mnt/c/Users/bubba/code/ros2_ws_code/install/ros2_control_demo_description:${AMENT_PREFIX_PATH} CMAKE_PREFIX_PATH=/mnt/c/Users/bubba/code/ros2_ws_code/install/ros2_control_demo_description:/opt/ros/jazzy/opt/gz_sim_vendor:/opt/ros/jazzy/opt/gz_sensors_vendor:/opt/ros/jazzy/opt/gz_physics_vendor:/opt/ros/jazzy/opt/sdformat_vendor:/opt/ros/jazzy/opt/gz_gui_vendor:/opt/ros/jazzy/opt/gz_transport_vendor:/opt/ros/jazzy/opt/gz_rendering_vendor:/opt/ros/jazzy/opt/gz_plugin_vendor:/opt/ros/jazzy/opt/gz_fuel_tools_vendor:/opt/ros/jazzy/opt/gz_msgs_vendor:/opt/ros/jazzy/opt/gz_common_vendor:/opt/ros/jazzy/opt/gz_math_vendor:/opt/ros/jazzy/opt/gz_utils_vendor:/opt/ros/jazzy/opt/gz_tools_vendor:/opt/ros/jazzy/opt/gz_ogre_next_vendor:/opt/ros/jazzy/opt/gz_dartsim_vendor:/opt/ros/jazzy/opt/gz_cmake_vendor:/mnt/c/Users/bubba/code/ros2_ws_code/install/simple_scara_arm:/mnt/c/Users/bubba/code/ros2_ws_code/install/scara_arm:/opt/ros/jazzy /usr/bin/cmake /mnt/c/Users/bubba/code/ros2_ws_code/src/ros2_control_demos/example_16 -DCMAKE_INSTALL_PREFIX=/mnt/c/Users/bubba/code/ros2_ws_code/install/ros2_control_demo_example_16
[28.985s] Invoking command in '/mnt/c/Users/bubba/code/ros2_ws_code/build/ros2_control_demo_example_16': AMENT_PREFIX_PATH=/mnt/c/Users/bubba/code/ros2_ws_code/install/ros2_control_demo_description:${AMENT_PREFIX_PATH} CMAKE_PREFIX_PATH=/mnt/c/Users/bubba/code/ros2_ws_code/install/ros2_control_demo_description:/opt/ros/jazzy/opt/gz_sim_vendor:/opt/ros/jazzy/opt/gz_sensors_vendor:/opt/ros/jazzy/opt/gz_physics_vendor:/opt/ros/jazzy/opt/sdformat_vendor:/opt/ros/jazzy/opt/gz_gui_vendor:/opt/ros/jazzy/opt/gz_transport_vendor:/opt/ros/jazzy/opt/gz_rendering_vendor:/opt/ros/jazzy/opt/gz_plugin_vendor:/opt/ros/jazzy/opt/gz_fuel_tools_vendor:/opt/ros/jazzy/opt/gz_msgs_vendor:/opt/ros/jazzy/opt/gz_common_vendor:/opt/ros/jazzy/opt/gz_math_vendor:/opt/ros/jazzy/opt/gz_utils_vendor:/opt/ros/jazzy/opt/gz_tools_vendor:/opt/ros/jazzy/opt/gz_ogre_next_vendor:/opt/ros/jazzy/opt/gz_dartsim_vendor:/opt/ros/jazzy/opt/gz_cmake_vendor:/mnt/c/Users/bubba/code/ros2_ws_code/install/simple_scara_arm:/mnt/c/Users/bubba/code/ros2_ws_code/install/scara_arm:/opt/ros/jazzy /usr/bin/cmake --build /mnt/c/Users/bubba/code/ros2_ws_code/build/ros2_control_demo_example_16 -- -j16 -l16
[46.046s] [ 50%] [32mBuilding CXX object CMakeFiles/ros2_control_demo_example_16.dir/hardware/diffbot_system.cpp.o[0m
[46.048s] [100%] [32m[1mLinking CXX shared library libros2_control_demo_example_16.so[0m
[47.611s] [100%] Built target ros2_control_demo_example_16
[47.682s] Invoked command in '/mnt/c/Users/bubba/code/ros2_ws_code/build/ros2_control_demo_example_16' returned '0': AMENT_PREFIX_PATH=/mnt/c/Users/bubba/code/ros2_ws_code/install/ros2_control_demo_description:${AMENT_PREFIX_PATH} CMAKE_PREFIX_PATH=/mnt/c/Users/bubba/code/ros2_ws_code/install/ros2_control_demo_description:/opt/ros/jazzy/opt/gz_sim_vendor:/opt/ros/jazzy/opt/gz_sensors_vendor:/opt/ros/jazzy/opt/gz_physics_vendor:/opt/ros/jazzy/opt/sdformat_vendor:/opt/ros/jazzy/opt/gz_gui_vendor:/opt/ros/jazzy/opt/gz_transport_vendor:/opt/ros/jazzy/opt/gz_rendering_vendor:/opt/ros/jazzy/opt/gz_plugin_vendor:/opt/ros/jazzy/opt/gz_fuel_tools_vendor:/opt/ros/jazzy/opt/gz_msgs_vendor:/opt/ros/jazzy/opt/gz_common_vendor:/opt/ros/jazzy/opt/gz_math_vendor:/opt/ros/jazzy/opt/gz_utils_vendor:/opt/ros/jazzy/opt/gz_tools_vendor:/opt/ros/jazzy/opt/gz_ogre_next_vendor:/opt/ros/jazzy/opt/gz_dartsim_vendor:/opt/ros/jazzy/opt/gz_cmake_vendor:/mnt/c/Users/bubba/code/ros2_ws_code/install/simple_scara_arm:/mnt/c/Users/bubba/code/ros2_ws_code/install/scara_arm:/opt/ros/jazzy /usr/bin/cmake --build /mnt/c/Users/bubba/code/ros2_ws_code/build/ros2_control_demo_example_16 -- -j16 -l16
[47.702s] Invoking command in '/mnt/c/Users/bubba/code/ros2_ws_code/build/ros2_control_demo_example_16': AMENT_PREFIX_PATH=/mnt/c/Users/bubba/code/ros2_ws_code/install/ros2_control_demo_description:${AMENT_PREFIX_PATH} CMAKE_PREFIX_PATH=/mnt/c/Users/bubba/code/ros2_ws_code/install/ros2_control_demo_description:/opt/ros/jazzy/opt/gz_sim_vendor:/opt/ros/jazzy/opt/gz_sensors_vendor:/opt/ros/jazzy/opt/gz_physics_vendor:/opt/ros/jazzy/opt/sdformat_vendor:/opt/ros/jazzy/opt/gz_gui_vendor:/opt/ros/jazzy/opt/gz_transport_vendor:/opt/ros/jazzy/opt/gz_rendering_vendor:/opt/ros/jazzy/opt/gz_plugin_vendor:/opt/ros/jazzy/opt/gz_fuel_tools_vendor:/opt/ros/jazzy/opt/gz_msgs_vendor:/opt/ros/jazzy/opt/gz_common_vendor:/opt/ros/jazzy/opt/gz_math_vendor:/opt/ros/jazzy/opt/gz_utils_vendor:/opt/ros/jazzy/opt/gz_tools_vendor:/opt/ros/jazzy/opt/gz_ogre_next_vendor:/opt/ros/jazzy/opt/gz_dartsim_vendor:/opt/ros/jazzy/opt/gz_cmake_vendor:/mnt/c/Users/bubba/code/ros2_ws_code/install/simple_scara_arm:/mnt/c/Users/bubba/code/ros2_ws_code/install/scara_arm:/opt/ros/jazzy /usr/bin/cmake --install /mnt/c/Users/bubba/code/ros2_ws_code/build/ros2_control_demo_example_16
[52.176s] -- Install configuration: ""
[52.178s] -- Installing: /mnt/c/Users/bubba/code/ros2_ws_code/install/ros2_control_demo_example_16/share/ros2_control_demo_example_16/ros2_control_demo_example_16.xml
[52.179s] -- Installing: /mnt/c/Users/bubba/code/ros2_ws_code/install/ros2_control_demo_example_16/include/ros2_control_demo_example_16
[52.180s] -- Installing: /mnt/c/Users/bubba/code/ros2_ws_code/install/ros2_control_demo_example_16/include/ros2_control_demo_example_16/ros2_control_demo_example_16
[52.181s] -- Installing: /mnt/c/Users/bubba/code/ros2_ws_code/install/ros2_control_demo_example_16/include/ros2_control_demo_example_16/ros2_control_demo_example_16/diffbot_system.hpp
[52.182s] -- Installing: /mnt/c/Users/bubba/code/ros2_ws_code/install/ros2_control_demo_example_16/share/ros2_control_demo_example_16/launch
[52.184s] -- Installing: /mnt/c/Users/bubba/code/ros2_ws_code/install/ros2_control_demo_example_16/share/ros2_control_demo_example_16/launch/view_robot.launch.py
[52.185s] -- Installing: /mnt/c/Users/bubba/code/ros2_ws_code/install/ros2_control_demo_example_16/share/ros2_control_demo_example_16/ros2_control
[52.186s] -- Installing: /mnt/c/Users/bubba/code/ros2_ws_code/install/ros2_control_demo_example_16/share/ros2_control_demo_example_16/ros2_control/diffbot.ros2_control.xacro
[52.188s] -- Installing: /mnt/c/Users/bubba/code/ros2_ws_code/install/ros2_control_demo_example_16/share/ros2_control_demo_example_16/urdf
[52.189s] -- Installing: /mnt/c/Users/bubba/code/ros2_ws_code/install/ros2_control_demo_example_16/share/ros2_control_demo_example_16/urdf/diffbot.urdf.xacro
[52.190s] -- Up-to-date: /mnt/c/Users/bubba/code/ros2_ws_code/install/ros2_control_demo_example_16/share/ros2_control_demo_example_16/launch
[52.191s] -- Installing: /mnt/c/Users/bubba/code/ros2_ws_code/install/ros2_control_demo_example_16/share/ros2_control_demo_example_16/launch/diffbot.launch.py
[52.192s] -- Installing: /mnt/c/Users/bubba/code/ros2_ws_code/install/ros2_control_demo_example_16/share/ros2_control_demo_example_16/config
[52.193s] -- Installing: /mnt/c/Users/bubba/code/ros2_ws_code/install/ros2_control_demo_example_16/share/ros2_control_demo_example_16/config/diffbot_chained_controllers.yaml
[52.194s] -- Installing: /mnt/c/Users/bubba/code/ros2_ws_code/install/ros2_control_demo_example_16/share/ros2_control_demo_example_16/config/plotjuggler.xml
[52.195s] -- Installing: /mnt/c/Users/bubba/code/ros2_ws_code/install/ros2_control_demo_example_16/lib/libros2_control_demo_example_16.so
[52.196s] -- Set non-toolchain portion of runtime path of "/mnt/c/Users/bubba/code/ros2_ws_code/install/ros2_control_demo_example_16/lib/libros2_control_demo_example_16.so" to ""
[52.197s] -- Installing: /mnt/c/Users/bubba/code/ros2_ws_code/install/ros2_control_demo_example_16/share/ros2_control_demo_example_16/environment/library_path.sh
[52.198s] -- Installing: /mnt/c/Users/bubba/code/ros2_ws_code/install/ros2_control_demo_example_16/share/ros2_control_demo_example_16/environment/library_path.dsv
[52.199s] -- Installing: /mnt/c/Users/bubba/code/ros2_ws_code/install/ros2_control_demo_example_16/share/ament_index/resource_index/package_run_dependencies/ros2_control_demo_example_16
[52.200s] -- Installing: /mnt/c/Users/bubba/code/ros2_ws_code/install/ros2_control_demo_example_16/share/ament_index/resource_index/parent_prefix_path/ros2_control_demo_example_16
[52.201s] -- Installing: /mnt/c/Users/bubba/code/ros2_ws_code/install/ros2_control_demo_example_16/share/ros2_control_demo_example_16/environment/ament_prefix_path.sh
[52.202s] -- Installing: /mnt/c/Users/bubba/code/ros2_ws_code/install/ros2_control_demo_example_16/share/ros2_control_demo_example_16/environment/ament_prefix_path.dsv
[52.204s] -- Installing: /mnt/c/Users/bubba/code/ros2_ws_code/install/ros2_control_demo_example_16/share/ros2_control_demo_example_16/environment/path.sh
[52.205s] -- Installing: /mnt/c/Users/bubba/code/ros2_ws_code/install/ros2_control_demo_example_16/share/ros2_control_demo_example_16/environment/path.dsv
[52.206s] -- Installing: /mnt/c/Users/bubba/code/ros2_ws_code/install/ros2_control_demo_example_16/share/ros2_control_demo_example_16/local_setup.bash
[52.207s] -- Installing: /mnt/c/Users/bubba/code/ros2_ws_code/install/ros2_control_demo_example_16/share/ros2_control_demo_example_16/local_setup.sh
[52.208s] -- Installing: /mnt/c/Users/bubba/code/ros2_ws_code/install/ros2_control_demo_example_16/share/ros2_control_demo_example_16/local_setup.zsh
[52.209s] -- Installing: /mnt/c/Users/bubba/code/ros2_ws_code/install/ros2_control_demo_example_16/share/ros2_control_demo_example_16/local_setup.dsv
[52.210s] -- Installing: /mnt/c/Users/bubba/code/ros2_ws_code/install/ros2_control_demo_example_16/share/ros2_control_demo_example_16/package.dsv
[52.211s] -- Installing: /mnt/c/Users/bubba/code/ros2_ws_code/install/ros2_control_demo_example_16/share/ament_index/resource_index/packages/ros2_control_demo_example_16
[52.212s] -- Installing: /mnt/c/Users/bubba/code/ros2_ws_code/install/ros2_control_demo_example_16/share/ament_index/resource_index/hardware_interface__pluginlib__plugin/ros2_control_demo_example_16
[52.212s] -- Installing: /mnt/c/Users/bubba/code/ros2_ws_code/install/ros2_control_demo_example_16/share/ros2_control_demo_example_16/cmake/export_ros2_control_demo_example_16Export.cmake
[52.213s] -- Installing: /mnt/c/Users/bubba/code/ros2_ws_code/install/ros2_control_demo_example_16/share/ros2_control_demo_example_16/cmake/export_ros2_control_demo_example_16Export-noconfig.cmake
[52.214s] -- Installing: /mnt/c/Users/bubba/code/ros2_ws_code/install/ros2_control_demo_example_16/share/ros2_control_demo_example_16/cmake/ament_cmake_export_targets-extras.cmake
[52.215s] -- Installing: /mnt/c/Users/bubba/code/ros2_ws_code/install/ros2_control_demo_example_16/share/ros2_control_demo_example_16/cmake/ament_cmake_export_dependencies-extras.cmake
[52.216s] -- Installing: /mnt/c/Users/bubba/code/ros2_ws_code/install/ros2_control_demo_example_16/share/ros2_control_demo_example_16/cmake/ros2_control_demo_example_16Config.cmake
[52.217s] -- Installing: /mnt/c/Users/bubba/code/ros2_ws_code/install/ros2_control_demo_example_16/share/ros2_control_demo_example_16/cmake/ros2_control_demo_example_16Config-version.cmake
[52.218s] -- Installing: /mnt/c/Users/bubba/code/ros2_ws_code/install/ros2_control_demo_example_16/share/ros2_control_demo_example_16/package.xml
[55.635s] Invoked command in '/mnt/c/Users/bubba/code/ros2_ws_code/build/ros2_control_demo_example_16' returned '0': AMENT_PREFIX_PATH=/mnt/c/Users/bubba/code/ros2_ws_code/install/ros2_control_demo_description:${AMENT_PREFIX_PATH} CMAKE_PREFIX_PATH=/mnt/c/Users/bubba/code/ros2_ws_code/install/ros2_control_demo_description:/opt/ros/jazzy/opt/gz_sim_vendor:/opt/ros/jazzy/opt/gz_sensors_vendor:/opt/ros/jazzy/opt/gz_physics_vendor:/opt/ros/jazzy/opt/sdformat_vendor:/opt/ros/jazzy/opt/gz_gui_vendor:/opt/ros/jazzy/opt/gz_transport_vendor:/opt/ros/jazzy/opt/gz_rendering_vendor:/opt/ros/jazzy/opt/gz_plugin_vendor:/opt/ros/jazzy/opt/gz_fuel_tools_vendor:/opt/ros/jazzy/opt/gz_msgs_vendor:/opt/ros/jazzy/opt/gz_common_vendor:/opt/ros/jazzy/opt/gz_math_vendor:/opt/ros/jazzy/opt/gz_utils_vendor:/opt/ros/jazzy/opt/gz_tools_vendor:/opt/ros/jazzy/opt/gz_ogre_next_vendor:/opt/ros/jazzy/opt/gz_dartsim_vendor:/opt/ros/jazzy/opt/gz_cmake_vendor:/mnt/c/Users/bubba/code/ros2_ws_code/install/simple_scara_arm:/mnt/c/Users/bubba/code/ros2_ws_code/install/scara_arm:/opt/ros/jazzy /usr/bin/cmake --install /mnt/c/Users/bubba/code/ros2_ws_code/build/ros2_control_demo_example_16
