-- The CXX compiler identification is GNU 13.3.0
-- Detecting CXX compiler ABI info
-- Detecting CXX compiler ABI info - done
-- Check for working CXX compiler: /usr/bin/c++ - skipped
-- Detecting CXX compile features
-- Detecting CXX compile features - done
-- Found ros2_control_cmake: 0.3.0 (/opt/ros/jazzy/share/ros2_control_cmake/cmake)
-- Compiler warnings enabled for GNU
-- Detected GCC Version: 13.3.0 (Major: 13, Minor: 3)
-- Found controller_manager: 4.39.2 (/opt/ros/jazzy/share/controller_manager/cmake)
-- Found Python3: /usr/bin/python3 (found version "3.12.3") found components: Interpreter 
-- Found rosidl_generator_c: 4.6.6 (/opt/ros/jazzy/share/rosidl_generator_c/cmake)
-- Found rosidl_generator_cpp: 4.6.6 (/opt/ros/jazzy/share/rosidl_generator_cpp/cmake)
-- Using all available rosidl_typesupport_c: rosidl_typesupport_fastrtps_c;rosidl_typesupport_introspection_c
-- Using all available rosidl_typesupport_cpp: rosidl_typesupport_fastrtps_cpp;rosidl_typesupport_introspection_cpp
-- Found rmw_implementation_cmake: 7.3.2 (/opt/ros/jazzy/share/rmw_implementation_cmake/cmake)
-- Found rmw_fastrtps_cpp: 8.4.3 (/opt/ros/jazzy/share/rmw_fastrtps_cpp/cmake)
-- Found OpenSSL: /usr/lib/x86_64-linux-gnu/libcrypto.so (found version "3.0.13")  
-- Found FastRTPS: /opt/ros/jazzy/include (Required is at least version "2.13") 
-- Using RMW implementation 'rmw_fastrtps_cpp' as default
-- Found ament_cmake_pytest: 2.5.4 (/opt/ros/jazzy/share/ament_cmake_pytest/cmake)
-- Found ament_cmake_ros: 0.12.0 (/opt/ros/jazzy/share/ament_cmake_ros/cmake)
-- Found launch_testing_ament_cmake: 3.4.9 (/opt/ros/jazzy/share/launch_testing_ament_cmake/cmake)
-- Found python_cmake_module: 0.11.1 (/opt/ros/jazzy/share/python_cmake_module/cmake)
-- Found PythonExtra: /usr/bin/python3  
-- Configuring done (25.4s)
-- Generating done (1.4s)
-- Build files have been written to: /mnt/c/Users/bubba/code/ros2_ws_code/build/ros2_control_demo_example_12
[ 16%] [34m[1mRunning `/opt/ros/jazzy/bin/generate_parameter_library_cpp /mnt/c/Users/bubba/code/ros2_ws_code/build/ros2_control_demo_example_12/include/ros2_control_demo_example_12/passthrough_controller_parameters.hpp /mnt/c/Users/bubba/code/ros2_ws_code/src/ros2_control_demos/example_12/controllers/src/passthrough_controller_parameters.yaml `[0m
[ 33%] [32mBuilding CXX object CMakeFiles/ros2_control_demo_example_12.dir/hardware/rrbot.cpp.o[0m
[ 50%] [34m[1mCreating deprecated header file /mnt/c/Users/bubba/code/ros2_ws_code/build/ros2_control_demo_example_12/include/passthrough_controller_parameters.hpp[0m
[ 50%] Built target passthrough_controller_parameters
[ 66%] [32mBuilding CXX object CMakeFiles/passthrough_controller.dir/controllers/src/passthrough_controller.cpp.o[0m
[ 83%] [32m[1mLinking CXX shared library libros2_control_demo_example_12.so[0m
[ 83%] Built target ros2_control_demo_example_12
[100%] [32m[1mLinking CXX shared library libpassthrough_controller.so[0m
[100%] Built target passthrough_controller
-- Install configuration: ""
-- Installing: /mnt/c/Users/bubba/code/ros2_ws_code/install/ros2_control_demo_example_12/share/ros2_control_demo_example_12/ros2_control_demo_example_12.xml
-- Installing: /mnt/c/Users/bubba/code/ros2_ws_code/install/ros2_control_demo_example_12/include/ros2_control_demo_example_12
-- Installing: /mnt/c/Users/bubba/code/ros2_ws_code/install/ros2_control_demo_example_12/include/ros2_control_demo_example_12/passthrough_controller_parameters.hpp
-- Installing: /mnt/c/Users/bubba/code/ros2_ws_code/install/ros2_control_demo_example_12/share/ros2_control_demo_example_12/passthrough_controller.xml
-- Up-to-date: /mnt/c/Users/bubba/code/ros2_ws_code/install/ros2_control_demo_example_12/include/ros2_control_demo_example_12
-- Installing: /mnt/c/Users/bubba/code/ros2_ws_code/install/ros2_control_demo_example_12/include/ros2_control_demo_example_12/ros2_control_demo_example_12
-- Installing: /mnt/c/Users/bubba/code/ros2_ws_code/install/ros2_control_demo_example_12/include/ros2_control_demo_example_12/ros2_control_demo_example_12/rrbot.hpp
-- Installing: /mnt/c/Users/bubba/code/ros2_ws_code/install/ros2_control_demo_example_12/share/ros2_control_demo_example_12/launch
-- Installing: /mnt/c/Users/bubba/code/ros2_ws_code/install/ros2_control_demo_example_12/share/ros2_control_demo_example_12/launch/view_robot.launch.py
-- Installing: /mnt/c/Users/bubba/code/ros2_ws_code/install/ros2_control_demo_example_12/share/ros2_control_demo_example_12/ros2_control
-- Installing: /mnt/c/Users/bubba/code/ros2_ws_code/install/ros2_control_demo_example_12/share/ros2_control_demo_example_12/ros2_control/rrbot.ros2_control.xacro
-- Installing: /mnt/c/Users/bubba/code/ros2_ws_code/install/ros2_control_demo_example_12/share/ros2_control_demo_example_12/urdf
-- Installing: /mnt/c/Users/bubba/code/ros2_ws_code/install/ros2_control_demo_example_12/share/ros2_control_demo_example_12/urdf/rrbot.urdf.xacro
-- Up-to-date: /mnt/c/Users/bubba/code/ros2_ws_code/install/ros2_control_demo_example_12/share/ros2_control_demo_example_12/launch
-- Installing: /mnt/c/Users/bubba/code/ros2_ws_code/install/ros2_control_demo_example_12/share/ros2_control_demo_example_12/launch/launch_chained_controllers.launch.py
-- Installing: /mnt/c/Users/bubba/code/ros2_ws_code/install/ros2_control_demo_example_12/share/ros2_control_demo_example_12/launch/rrbot.launch.py
-- Installing: /mnt/c/Users/bubba/code/ros2_ws_code/install/ros2_control_demo_example_12/share/ros2_control_demo_example_12/config
-- Installing: /mnt/c/Users/bubba/code/ros2_ws_code/install/ros2_control_demo_example_12/share/ros2_control_demo_example_12/config/rrbot_chained_controllers.yaml
-- Installing: /mnt/c/Users/bubba/code/ros2_ws_code/install/ros2_control_demo_example_12/lib/libros2_control_demo_example_12.so
-- Set non-toolchain portion of runtime path of "/mnt/c/Users/bubba/code/ros2_ws_code/install/ros2_control_demo_example_12/lib/libros2_control_demo_example_12.so" to ""
-- Installing: /mnt/c/Users/bubba/code/ros2_ws_code/install/ros2_control_demo_example_12/include/passthrough_controller
-- Installing: /mnt/c/Users/bubba/code/ros2_ws_code/install/ros2_control_demo_example_12/include/passthrough_controller/passthrough_controller
-- Installing: /mnt/c/Users/bubba/code/ros2_ws_code/install/ros2_control_demo_example_12/include/passthrough_controller/passthrough_controller/passthrough_controller.hpp
-- Installing: /mnt/c/Users/bubba/code/ros2_ws_code/install/ros2_control_demo_example_12/lib/libpassthrough_controller.so
-- Set non-toolchain portion of runtime path of "/mnt/c/Users/bubba/code/ros2_ws_code/install/ros2_control_demo_example_12/lib/libpassthrough_controller.so" to ""
-- Installing: /mnt/c/Users/bubba/code/ros2_ws_code/install/ros2_control_demo_example_12/share/ros2_control_demo_example_12/environment/library_path.sh
-- Installing: /mnt/c/Users/bubba/code/ros2_ws_code/install/ros2_control_demo_example_12/share/ros2_control_demo_example_12/environment/library_path.dsv
-- Installing: /mnt/c/Users/bubba/code/ros2_ws_code/install/ros2_control_demo_example_12/share/ament_index/resource_index/package_run_dependencies/ros2_control_demo_example_12
-- Installing: /mnt/c/Users/bubba/code/ros2_ws_code/install/ros2_control_demo_example_12/share/ament_index/resource_index/parent_prefix_path/ros2_control_demo_example_12
-- Installing: /mnt/c/Users/bubba/code/ros2_ws_code/install/ros2_control_demo_example_12/share/ros2_control_demo_example_12/environment/ament_prefix_path.sh
-- Installing: /mnt/c/Users/bubba/code/ros2_ws_code/install/ros2_control_demo_example_12/share/ros2_control_demo_example_12/environment/ament_prefix_path.dsv
-- Installing: /mnt/c/Users/bubba/code/ros2_ws_code/install/ros2_control_demo_example_12/share/ros2_control_demo_example_12/environment/path.sh
-- Installing: /mnt/c/Users/bubba/code/ros2_ws_code/install/ros2_control_demo_example_12/share/ros2_control_demo_example_12/environment/path.dsv
-- Installing: /mnt/c/Users/bubba/code/ros2_ws_code/install/ros2_control_demo_example_12/share/ros2_control_demo_example_12/local_setup.bash
-- Installing: /mnt/c/Users/bubba/code/ros2_ws_code/install/ros2_control_demo_example_12/share/ros2_control_demo_example_12/local_setup.sh
-- Installing: /mnt/c/Users/bubba/code/ros2_ws_code/install/ros2_control_demo_example_12/share/ros2_control_demo_example_12/local_setup.zsh
-- Installing: /mnt/c/Users/bubba/code/ros2_ws_code/install/ros2_control_demo_example_12/share/ros2_control_demo_example_12/local_setup.dsv
-- Installing: /mnt/c/Users/bubba/code/ros2_ws_code/install/ros2_control_demo_example_12/share/ros2_control_demo_example_12/package.dsv
-- Installing: /mnt/c/Users/bubba/code/ros2_ws_code/install/ros2_control_demo_example_12/share/ament_index/resource_index/packages/ros2_control_demo_example_12
-- Installing: /mnt/c/Users/bubba/code/ros2_ws_code/install/ros2_control_demo_example_12/share/ament_index/resource_index/hardware_interface__pluginlib__plugin/ros2_control_demo_example_12
-- Installing: /mnt/c/Users/bubba/code/ros2_ws_code/install/ros2_control_demo_example_12/share/ament_index/resource_index/controller_interface__pluginlib__plugin/ros2_control_demo_example_12
-- Installing: /mnt/c/Users/bubba/code/ros2_ws_code/install/ros2_control_demo_example_12/share/ros2_control_demo_example_12/cmake/export_passthrough_controllerExport.cmake
-- Installing: /mnt/c/Users/bubba/code/ros2_ws_code/install/ros2_control_demo_example_12/share/ros2_control_demo_example_12/cmake/export_passthrough_controllerExport-noconfig.cmake
-- Installing: /mnt/c/Users/bubba/code/ros2_ws_code/install/ros2_control_demo_example_12/share/ros2_control_demo_example_12/cmake/export_ros2_control_demo_example_12Export.cmake
-- Installing: /mnt/c/Users/bubba/code/ros2_ws_code/install/ros2_control_demo_example_12/share/ros2_control_demo_example_12/cmake/export_ros2_control_demo_example_12Export-noconfig.cmake
-- Installing: /mnt/c/Users/bubba/code/ros2_ws_code/install/ros2_control_demo_example_12/share/ros2_control_demo_example_12/cmake/ament_cmake_export_dependencies-extras.cmake
-- Installing: /mnt/c/Users/bubba/code/ros2_ws_code/install/ros2_control_demo_example_12/share/ros2_control_demo_example_12/cmake/ament_cmake_export_targets-extras.cmake
-- Installing: /mnt/c/Users/bubba/code/ros2_ws_code/install/ros2_control_demo_example_12/share/ros2_control_demo_example_12/cmake/ros2_control_demo_example_12Config.cmake
-- Installing: /mnt/c/Users/bubba/code/ros2_ws_code/install/ros2_control_demo_example_12/share/ros2_control_demo_example_12/cmake/ros2_control_demo_example_12Config-version.cmake
-- Installing: /mnt/c/Users/bubba/code/ros2_ws_code/install/ros2_control_demo_example_12/share/ros2_control_demo_example_12/package.xml
