[2.755s] Invoking command in '/mnt/c/Users/bubba/code/ros2_ws_code/src/simple_scara_arm': PYTHONPATH=/mnt/c/Users/bubba/code/ros2_ws_code/build/simple_scara_arm/prefix_override:/usr/lib/python3/dist-packages/colcon_core/task/python/colcon_distutils_commands:/mnt/c/Users/bubba/code/ros2_ws_code/install/simple_scara_arm/lib/python3.12/site-packages:${PYTHONPATH} /usr/bin/python3 -W ignore:setup.py install is deprecated -W ignore:easy_install command is deprecated setup.py egg_info --egg-base ../../build/simple_scara_arm build --build-base /mnt/c/Users/bubba/code/ros2_ws_code/build/simple_scara_arm/build install --record /mnt/c/Users/bubba/code/ros2_ws_code/build/simple_scara_arm/install.log --single-version-externally-managed install_data
[3.526s] running egg_info
[3.551s] writing ../../build/simple_scara_arm/simple_scara_arm.egg-info/PKG-INFO
[3.556s] writing dependency_links to ../../build/simple_scara_arm/simple_scara_arm.egg-info/dependency_links.txt
[3.561s] writing requirements to ../../build/simple_scara_arm/simple_scara_arm.egg-info/requires.txt
[3.563s] writing top-level names to ../../build/simple_scara_arm/simple_scara_arm.egg-info/top_level.txt
[3.636s] reading manifest file '../../build/simple_scara_arm/simple_scara_arm.egg-info/SOURCES.txt'
[3.681s] writing manifest file '../../build/simple_scara_arm/simple_scara_arm.egg-info/SOURCES.txt'
[3.684s] running build
[3.684s] running build_py
[3.696s] running install
[3.705s] running install_lib
[3.770s] running install_data
[3.805s] copying urdf/myrobot2.urdf -> /mnt/c/Users/bubba/code/ros2_ws_code/install/simple_scara_arm/share/simple_scara_arm/urdf
[3.836s] copying worlds/inspection.world.sdf -> /mnt/c/Users/bubba/code/ros2_ws_code/install/simple_scara_arm/share/simple_scara_arm/worlds
[3.853s] running install_egg_info
[3.886s] removing '/mnt/c/Users/bubba/code/ros2_ws_code/install/simple_scara_arm/lib/python3.12/site-packages/simple_scara_arm-0.0.0-py3.12.egg-info' (and everything under it)
[3.920s] Copying ../../build/simple_scara_arm/simple_scara_arm.egg-info to /mnt/c/Users/bubba/code/ros2_ws_code/install/simple_scara_arm/lib/python3.12/site-packages/simple_scara_arm-0.0.0-py3.12.egg-info
[4.057s] running install_scripts
[4.340s] writing list of installed files to '/mnt/c/Users/bubba/code/ros2_ws_code/build/simple_scara_arm/install.log'
[4.362s] Invoked command in '/mnt/c/Users/bubba/code/ros2_ws_code/src/simple_scara_arm' returned '0': PYTHONPATH=/mnt/c/Users/bubba/code/ros2_ws_code/build/simple_scara_arm/prefix_override:/usr/lib/python3/dist-packages/colcon_core/task/python/colcon_distutils_commands:/mnt/c/Users/bubba/code/ros2_ws_code/install/simple_scara_arm/lib/python3.12/site-packages:${PYTHONPATH} /usr/bin/python3 -W ignore:setup.py install is deprecated -W ignore:easy_install command is deprecated setup.py egg_info --egg-base ../../build/simple_scara_arm build --build-base /mnt/c/Users/bubba/code/ros2_ws_code/build/simple_scara_arm/build install --record /mnt/c/Users/bubba/code/ros2_ws_code/build/simple_scara_arm/install.log --single-version-externally-managed install_data
