running egg_info
creating ../../build/simple_scara_arm/simple_scara_arm.egg-info
writing ../../build/simple_scara_arm/simple_scara_arm.egg-info/PKG-INFO
writing dependency_links to ../../build/simple_scara_arm/simple_scara_arm.egg-info/dependency_links.txt
writing requirements to ../../build/simple_scara_arm/simple_scara_arm.egg-info/requires.txt
writing top-level names to ../../build/simple_scara_arm/simple_scara_arm.egg-info/top_level.txt
writing manifest file '../../build/simple_scara_arm/simple_scara_arm.egg-info/SOURCES.txt'
reading manifest file '../../build/simple_scara_arm/simple_scara_arm.egg-info/SOURCES.txt'
writing manifest file '../../build/simple_scara_arm/simple_scara_arm.egg-info/SOURCES.txt'
running build
running build_py
creating /mnt/c/Users/bubba/code/ros2_ws_code/build/simple_scara_arm/build
creating /mnt/c/Users/bubba/code/ros2_ws_code/build/simple_scara_arm/build/lib
creating /mnt/c/Users/bubba/code/ros2_ws_code/build/simple_scara_arm/build/lib/simple_scara_arm
copying simple_scara_arm/__init__.py -> /mnt/c/Users/bubba/code/ros2_ws_code/build/simple_scara_arm/build/lib/simple_scara_arm
running install
running install_lib
creating /mnt/c/Users/bubba/code/ros2_ws_code/install/simple_scara_arm/lib/python3.12/site-packages/simple_scara_arm
copying /mnt/c/Users/bubba/code/ros2_ws_code/build/simple_scara_arm/build/lib/simple_scara_arm/__init__.py -> /mnt/c/Users/bubba/code/ros2_ws_code/install/simple_scara_arm/lib/python3.12/site-packages/simple_scara_arm
byte-compiling /mnt/c/Users/bubba/code/ros2_ws_code/install/simple_scara_arm/lib/python3.12/site-packages/simple_scara_arm/__init__.py to __init__.cpython-312.pyc
running install_data
creating /mnt/c/Users/bubba/code/ros2_ws_code/install/simple_scara_arm/share/ament_index
creating /mnt/c/Users/bubba/code/ros2_ws_code/install/simple_scara_arm/share/ament_index/resource_index
creating /mnt/c/Users/bubba/code/ros2_ws_code/install/simple_scara_arm/share/ament_index/resource_index/packages
copying resource/simple_scara_arm -> /mnt/c/Users/bubba/code/ros2_ws_code/install/simple_scara_arm/share/ament_index/resource_index/packages
copying package.xml -> /mnt/c/Users/bubba/code/ros2_ws_code/install/simple_scara_arm/share/simple_scara_arm
creating /mnt/c/Users/bubba/code/ros2_ws_code/install/simple_scara_arm/share/simple_scara_arm/launch
copying launch/sim.launch.py -> /mnt/c/Users/bubba/code/ros2_ws_code/install/simple_scara_arm/share/simple_scara_arm/launch
creating /mnt/c/Users/bubba/code/ros2_ws_code/install/simple_scara_arm/share/simple_scara_arm/urdf
copying urdf/myrobot2.urdf -> /mnt/c/Users/bubba/code/ros2_ws_code/install/simple_scara_arm/share/simple_scara_arm/urdf
creating /mnt/c/Users/bubba/code/ros2_ws_code/install/simple_scara_arm/share/simple_scara_arm/config
copying config/controllers.yaml -> /mnt/c/Users/bubba/code/ros2_ws_code/install/simple_scara_arm/share/simple_scara_arm/config
running install_egg_info
Copying ../../build/simple_scara_arm/simple_scara_arm.egg-info to /mnt/c/Users/bubba/code/ros2_ws_code/install/simple_scara_arm/lib/python3.12/site-packages/simple_scara_arm-0.0.0-py3.12.egg-info
running install_scripts
writing list of installed files to '/mnt/c/Users/bubba/code/ros2_ws_code/build/simple_scara_arm/install.log'
