[0.242s] Invoking command in '/mnt/c/Users/bubba/code/ros2_ws_code/build/ros2_control_demo_description': CMAKE_PREFIX_PATH=${CMAKE_PREFIX_PATH}:/mnt/c/Users/bubba/code/ros2_ws_code/install/simple_scara_arm:/mnt/c/Users/bubba/code/ros2_ws_code/install/scara_arm:/opt/ros/jazzy /usr/bin/cmake /mnt/c/Users/bubba/code/ros2_ws_code/src/ros2_control_demos/ros2_control_demo_description -DCMAKE_INSTALL_PREFIX=/mnt/c/Users/bubba/code/ros2_ws_code/install/ros2_control_demo_description
[1.081s] -- The C compiler identification is GNU 13.3.0
[2.290s] -- The CXX compiler identification is GNU 13.3.0
[3.189s] -- Detecting C compiler ABI info
[3.930s] -- Detecting C compiler ABI info - done
[3.955s] -- Check for working C compiler: /usr/bin/cc - skipped
[3.956s] -- Detecting C compile features
[3.957s] -- Detecting C compile features - done
[4.134s] -- Detecting CXX compiler ABI info
[4.819s] -- Detecting CXX compiler ABI info - done
[4.842s] -- Check for working CXX compiler: /usr/bin/c++ - skipped
[4.842s] -- Detecting CXX compile features
[4.843s] -- Detecting CXX compile features - done
[4.991s] -- Found ament_cmake: 2.5.4 (/opt/ros/jazzy/share/ament_cmake/cmake)
[6.314s] -- Found Python3: /usr/bin/python3 (found version "3.12.3") found components: Interpreter 
[7.943s] -- Configuring done (7.6s)
[8.130s] -- Generating done (0.2s)
[8.243s] -- Build files have been written to: /mnt/c/Users/bubba/code/ros2_ws_code/build/ros2_control_demo_description
[8.249s] Invoked command in '/mnt/c/Users/bubba/code/ros2_ws_code/build/ros2_control_demo_description' returned '0': CMAKE_PREFIX_PATH=${CMAKE_PREFIX_PATH}:/mnt/c/Users/bubba/code/ros2_ws_code/install/simple_scara_arm:/mnt/c/Users/bubba/code/ros2_ws_code/install/scara_arm:/opt/ros/jazzy /usr/bin/cmake /mnt/c/Users/bubba/code/ros2_ws_code/src/ros2_control_demos/ros2_control_demo_description -DCMAKE_INSTALL_PREFIX=/mnt/c/Users/bubba/code/ros2_ws_code/install/ros2_control_demo_description
[8.255s] Invoking command in '/mnt/c/Users/bubba/code/ros2_ws_code/build/ros2_control_demo_description': CMAKE_PREFIX_PATH=${CMAKE_PREFIX_PATH}:/mnt/c/Users/bubba/code/ros2_ws_code/install/simple_scara_arm:/mnt/c/Users/bubba/code/ros2_ws_code/install/scara_arm:/opt/ros/jazzy /usr/bin/cmake --build /mnt/c/Users/bubba/code/ros2_ws_code/build/ros2_control_demo_description -- -j16 -l16
[8.346s] Invoked command in '/mnt/c/Users/bubba/code/ros2_ws_code/build/ros2_control_demo_description' returned '0': CMAKE_PREFIX_PATH=${CMAKE_PREFIX_PATH}:/mnt/c/Users/bubba/code/ros2_ws_code/install/simple_scara_arm:/mnt/c/Users/bubba/code/ros2_ws_code/install/scara_arm:/opt/ros/jazzy /usr/bin/cmake --build /mnt/c/Users/bubba/code/ros2_ws_code/build/ros2_control_demo_description -- -j16 -l16
[8.370s] Invoking command in '/mnt/c/Users/bubba/code/ros2_ws_code/build/ros2_control_demo_description': CMAKE_PREFIX_PATH=${CMAKE_PREFIX_PATH}:/mnt/c/Users/bubba/code/ros2_ws_code/install/simple_scara_arm:/mnt/c/Users/bubba/code/ros2_ws_code/install/scara_arm:/opt/ros/jazzy /usr/bin/cmake --install /mnt/c/Users/bubba/code/ros2_ws_code/build/ros2_control_demo_description
[8.383s] -- Install configuration: ""
[8.388s] -- Installing: /mnt/c/Users/bubba/code/ros2_ws_code/install/ros2_control_demo_description/share/ros2_control_demo_description/rrbot/urdf
[8.455s] -- Installing: /mnt/c/Users/bubba/code/ros2_ws_code/install/ros2_control_demo_description/share/ros2_control_demo_description/rrbot/urdf/rrbot.materials.xacro
[8.509s] -- Installing: /mnt/c/Users/bubba/code/ros2_ws_code/install/ros2_control_demo_description/share/ros2_control_demo_description/rrbot/urdf/rrbot_description.urdf.xacro
[8.559s] -- Installing: /mnt/c/Users/bubba/code/ros2_ws_code/install/ros2_control_demo_description/share/ros2_control_demo_description/rrbot/rviz
[8.586s] -- Installing: /mnt/c/Users/bubba/code/ros2_ws_code/install/ros2_control_demo_description/share/ros2_control_demo_description/rrbot/rviz/rrbot.rviz
[8.636s] -- Installing: /mnt/c/Users/bubba/code/ros2_ws_code/install/ros2_control_demo_description/share/ros2_control_demo_description/diffbot/urdf
[8.660s] -- Installing: /mnt/c/Users/bubba/code/ros2_ws_code/install/ros2_control_demo_description/share/ros2_control_demo_description/diffbot/urdf/diffbot.materials.xacro
[8.713s] -- Installing: /mnt/c/Users/bubba/code/ros2_ws_code/install/ros2_control_demo_description/share/ros2_control_demo_description/diffbot/urdf/diffbot_description.urdf.xacro
[8.761s] -- Installing: /mnt/c/Users/bubba/code/ros2_ws_code/install/ros2_control_demo_description/share/ros2_control_demo_description/diffbot/rviz
[8.786s] -- Installing: /mnt/c/Users/bubba/code/ros2_ws_code/install/ros2_control_demo_description/share/ros2_control_demo_description/diffbot/rviz/diffbot.rviz
[8.842s] -- Installing: /mnt/c/Users/bubba/code/ros2_ws_code/install/ros2_control_demo_description/share/ros2_control_demo_description/diffbot/rviz/diffbot_view.rviz
[8.896s] -- Installing: /mnt/c/Users/bubba/code/ros2_ws_code/install/ros2_control_demo_description/share/ros2_control_demo_description/carlikebot/urdf
[8.920s] -- Installing: /mnt/c/Users/bubba/code/ros2_ws_code/install/ros2_control_demo_description/share/ros2_control_demo_description/carlikebot/urdf/carlikebot.materials.xacro
[8.973s] -- Installing: /mnt/c/Users/bubba/code/ros2_ws_code/install/ros2_control_demo_description/share/ros2_control_demo_description/carlikebot/urdf/carlikebot_description.urdf.xacro
[9.020s] -- Installing: /mnt/c/Users/bubba/code/ros2_ws_code/install/ros2_control_demo_description/share/ros2_control_demo_description/carlikebot/rviz
[9.044s] -- Installing: /mnt/c/Users/bubba/code/ros2_ws_code/install/ros2_control_demo_description/share/ros2_control_demo_description/carlikebot/rviz/carlikebot.rviz
[9.095s] -- Installing: /mnt/c/Users/bubba/code/ros2_ws_code/install/ros2_control_demo_description/share/ros2_control_demo_description/carlikebot/rviz/carlikebot_view.rviz
[9.145s] -- Installing: /mnt/c/Users/bubba/code/ros2_ws_code/install/ros2_control_demo_description/share/ros2_control_demo_description/r3bot/urdf
[9.171s] -- Installing: /mnt/c/Users/bubba/code/ros2_ws_code/install/ros2_control_demo_description/share/ros2_control_demo_description/r3bot/urdf/threedofbot_description.urdf.xacro
[9.218s] -- Installing: /mnt/c/Users/bubba/code/ros2_ws_code/install/ros2_control_demo_description/share/ros2_control_demo_description/r6bot/meshes
[9.240s] -- Installing: /mnt/c/Users/bubba/code/ros2_ws_code/install/ros2_control_demo_description/share/ros2_control_demo_description/r6bot/meshes/collision
[9.268s] -- Installing: /mnt/c/Users/bubba/code/ros2_ws_code/install/ros2_control_demo_description/share/ros2_control_demo_description/r6bot/meshes/collision/link_0.stl
[9.331s] -- Installing: /mnt/c/Users/bubba/code/ros2_ws_code/install/ros2_control_demo_description/share/ros2_control_demo_description/r6bot/meshes/collision/link_1.stl
[9.397s] -- Installing: /mnt/c/Users/bubba/code/ros2_ws_code/install/ros2_control_demo_description/share/ros2_control_demo_description/r6bot/meshes/collision/link_2.stl
[9.474s] -- Installing: /mnt/c/Users/bubba/code/ros2_ws_code/install/ros2_control_demo_description/share/ros2_control_demo_description/r6bot/meshes/collision/link_3.stl
[9.541s] -- Installing: /mnt/c/Users/bubba/code/ros2_ws_code/install/ros2_control_demo_description/share/ros2_control_demo_description/r6bot/meshes/collision/link_4.stl
[9.603s] -- Installing: /mnt/c/Users/bubba/code/ros2_ws_code/install/ros2_control_demo_description/share/ros2_control_demo_description/r6bot/meshes/collision/link_5.stl
[9.665s] -- Installing: /mnt/c/Users/bubba/code/ros2_ws_code/install/ros2_control_demo_description/share/ros2_control_demo_description/r6bot/meshes/collision/link_6.stl
[9.724s] -- Installing: /mnt/c/Users/bubba/code/ros2_ws_code/install/ros2_control_demo_description/share/ros2_control_demo_description/r6bot/meshes/visual
[9.753s] -- Installing: /mnt/c/Users/bubba/code/ros2_ws_code/install/ros2_control_demo_description/share/ros2_control_demo_description/r6bot/meshes/visual/link_0.dae
[9.816s] -- Installing: /mnt/c/Users/bubba/code/ros2_ws_code/install/ros2_control_demo_description/share/ros2_control_demo_description/r6bot/meshes/visual/link_1.dae
[9.880s] -- Installing: /mnt/c/Users/bubba/code/ros2_ws_code/install/ros2_control_demo_description/share/ros2_control_demo_description/r6bot/meshes/visual/link_2.dae
[9.981s] -- Installing: /mnt/c/Users/bubba/code/ros2_ws_code/install/ros2_control_demo_description/share/ros2_control_demo_description/r6bot/meshes/visual/link_3.dae
[10.054s] -- Installing: /mnt/c/Users/bubba/code/ros2_ws_code/install/ros2_control_demo_description/share/ros2_control_demo_description/r6bot/meshes/visual/link_4.dae
[10.117s] -- Installing: /mnt/c/Users/bubba/code/ros2_ws_code/install/ros2_control_demo_description/share/ros2_control_demo_description/r6bot/meshes/visual/link_5.dae
[10.181s] -- Installing: /mnt/c/Users/bubba/code/ros2_ws_code/install/ros2_control_demo_description/share/ros2_control_demo_description/r6bot/meshes/visual/link_6.dae
[10.239s] -- Installing: /mnt/c/Users/bubba/code/ros2_ws_code/install/ros2_control_demo_description/share/ros2_control_demo_description/r6bot/srdf
[10.263s] -- Installing: /mnt/c/Users/bubba/code/ros2_ws_code/install/ros2_control_demo_description/share/ros2_control_demo_description/r6bot/srdf/r6bot.srdf
[10.309s] -- Installing: /mnt/c/Users/bubba/code/ros2_ws_code/install/ros2_control_demo_description/share/ros2_control_demo_description/r6bot/urdf
[10.330s] -- Installing: /mnt/c/Users/bubba/code/ros2_ws_code/install/ros2_control_demo_description/share/ros2_control_demo_description/r6bot/urdf/inc
[10.358s] -- Installing: /mnt/c/Users/bubba/code/ros2_ws_code/install/ros2_control_demo_description/share/ros2_control_demo_description/r6bot/urdf/inc/create_link.xacro
[10.415s] -- Installing: /mnt/c/Users/bubba/code/ros2_ws_code/install/ros2_control_demo_description/share/ros2_control_demo_description/r6bot/urdf/r6bot_description.urdf.xacro
[10.464s] -- Installing: /mnt/c/Users/bubba/code/ros2_ws_code/install/ros2_control_demo_description/share/ros2_control_demo_description/r6bot/rviz
[10.492s] -- Installing: /mnt/c/Users/bubba/code/ros2_ws_code/install/ros2_control_demo_description/share/ros2_control_demo_description/r6bot/rviz/view_robot.rviz
[10.563s] -- Installing: /mnt/c/Users/bubba/code/ros2_ws_code/install/ros2_control_demo_description/share/ament_index/resource_index/package_run_dependencies/ros2_control_demo_description
[10.627s] -- Installing: /mnt/c/Users/bubba/code/ros2_ws_code/install/ros2_control_demo_description/share/ament_index/resource_index/parent_prefix_path/ros2_control_demo_description
[10.680s] -- Installing: /mnt/c/Users/bubba/code/ros2_ws_code/install/ros2_control_demo_description/share/ros2_control_demo_description/environment/ament_prefix_path.sh
[10.716s] -- Installing: /mnt/c/Users/bubba/code/ros2_ws_code/install/ros2_control_demo_description/share/ros2_control_demo_description/environment/ament_prefix_path.dsv
[10.757s] -- Installing: /mnt/c/Users/bubba/code/ros2_ws_code/install/ros2_control_demo_description/share/ros2_control_demo_description/environment/path.sh
[10.794s] -- Installing: /mnt/c/Users/bubba/code/ros2_ws_code/install/ros2_control_demo_description/share/ros2_control_demo_description/environment/path.dsv
[10.833s] -- Installing: /mnt/c/Users/bubba/code/ros2_ws_code/install/ros2_control_demo_description/share/ros2_control_demo_description/local_setup.bash
[10.871s] -- Installing: /mnt/c/Users/bubba/code/ros2_ws_code/install/ros2_control_demo_description/share/ros2_control_demo_description/local_setup.sh
[10.906s] -- Installing: /mnt/c/Users/bubba/code/ros2_ws_code/install/ros2_control_demo_description/share/ros2_control_demo_description/local_setup.zsh
[10.947s] -- Installing: /mnt/c/Users/bubba/code/ros2_ws_code/install/ros2_control_demo_description/share/ros2_control_demo_description/local_setup.dsv
[10.984s] -- Installing: /mnt/c/Users/bubba/code/ros2_ws_code/install/ros2_control_demo_description/share/ros2_control_demo_description/package.dsv
[11.040s] -- Installing: /mnt/c/Users/bubba/code/ros2_ws_code/install/ros2_control_demo_description/share/ament_index/resource_index/packages/ros2_control_demo_description
[11.097s] -- Installing: /mnt/c/Users/bubba/code/ros2_ws_code/install/ros2_control_demo_description/share/ros2_control_demo_description/cmake/ros2_control_demo_descriptionConfig.cmake
[11.138s] -- Installing: /mnt/c/Users/bubba/code/ros2_ws_code/install/ros2_control_demo_description/share/ros2_control_demo_description/cmake/ros2_control_demo_descriptionConfig-version.cmake
[11.182s] -- Installing: /mnt/c/Users/bubba/code/ros2_ws_code/install/ros2_control_demo_description/share/ros2_control_demo_description/package.xml
[11.219s] Invoked command in '/mnt/c/Users/bubba/code/ros2_ws_code/build/ros2_control_demo_description' returned '0': CMAKE_PREFIX_PATH=${CMAKE_PREFIX_PATH}:/mnt/c/Users/bubba/code/ros2_ws_code/install/simple_scara_arm:/mnt/c/Users/bubba/code/ros2_ws_code/install/scara_arm:/opt/ros/jazzy /usr/bin/cmake --install /mnt/c/Users/bubba/code/ros2_ws_code/build/ros2_control_demo_description
