-- The CXX compiler identification is GNU 13.3.0
-- Detecting CXX compiler ABI info
-- Detecting CXX compiler ABI info - done
-- Check for working CXX compiler: /usr/bin/c++ - skipped
-- Detecting CXX compile features
-- Detecting CXX compile features - done
-- Found ros2_control_cmake: 0.3.0 (/opt/ros/jazzy/share/ros2_control_cmake/cmake)
-- Compiler warnings enabled for GNU
-- Detected GCC Version: 13.3.0 (Major: 13, Minor: 3)
-- Found controller_manager: 4.39.2 (/opt/ros/jazzy/share/controller_manager/cmake)
-- Found Python3: /usr/bin/python3 (found version "3.12.3") found components: Interpreter 
-- Found rosidl_generator_c: 4.6.6 (/opt/ros/jazzy/share/rosidl_generator_c/cmake)
-- Found rosidl_generator_cpp: 4.6.6 (/opt/ros/jazzy/share/rosidl_generator_cpp/cmake)
-- Using all available rosidl_typesupport_c: rosidl_typesupport_fastrtps_c;rosidl_typesupport_introspection_c
-- Using all available rosidl_typesupport_cpp: rosidl_typesupport_fastrtps_cpp;rosidl_typesupport_introspection_cpp
-- Found rmw_implementation_cmake: 7.3.2 (/opt/ros/jazzy/share/rmw_implementation_cmake/cmake)
-- Found rmw_fastrtps_cpp: 8.4.3 (/opt/ros/jazzy/share/rmw_fastrtps_cpp/cmake)
-- Found OpenSSL: /usr/lib/x86_64-linux-gnu/libcrypto.so (found version "3.0.13")  
-- Found FastRTPS: /opt/ros/jazzy/include (Required is at least version "2.13") 
-- Using RMW implementation 'rmw_fastrtps_cpp' as default
-- Found ament_cmake_pytest: 2.5.4 (/opt/ros/jazzy/share/ament_cmake_pytest/cmake)
-- Found ament_cmake_ros: 0.12.0 (/opt/ros/jazzy/share/ament_cmake_ros/cmake)
-- Found launch_testing_ament_cmake: 3.4.9 (/opt/ros/jazzy/share/launch_testing_ament_cmake/cmake)
-- Found python_cmake_module: 0.11.1 (/opt/ros/jazzy/share/python_cmake_module/cmake)
-- Found PythonExtra: /usr/bin/python3  
-- Configuring done (25.4s)
-- Generating done (1.0s)
-- Build files have been written to: /mnt/c/Users/bubba/code/ros2_ws_code/build/ros2_control_demo_example_11
[ 50%] [32mBuilding CXX object CMakeFiles/ros2_control_demo_example_11.dir/hardware/carlikebot_system.cpp.o[0m
[100%] [32m[1mLinking CXX shared library libros2_control_demo_example_11.so[0m
[100%] Built target ros2_control_demo_example_11
-- Install configuration: ""
-- Installing: /mnt/c/Users/bubba/code/ros2_ws_code/install/ros2_control_demo_example_11/share/ros2_control_demo_example_11/ros2_control_demo_example_11.xml
-- Installing: /mnt/c/Users/bubba/code/ros2_ws_code/install/ros2_control_demo_example_11/include/ros2_control_demo_example_11
-- Installing: /mnt/c/Users/bubba/code/ros2_ws_code/install/ros2_control_demo_example_11/include/ros2_control_demo_example_11/ros2_control_demo_example_11
-- Installing: /mnt/c/Users/bubba/code/ros2_ws_code/install/ros2_control_demo_example_11/include/ros2_control_demo_example_11/ros2_control_demo_example_11/carlikebot_system.hpp
-- Installing: /mnt/c/Users/bubba/code/ros2_ws_code/install/ros2_control_demo_example_11/share/ros2_control_demo_example_11/launch
-- Installing: /mnt/c/Users/bubba/code/ros2_ws_code/install/ros2_control_demo_example_11/share/ros2_control_demo_example_11/launch/view_robot.launch.py
-- Installing: /mnt/c/Users/bubba/code/ros2_ws_code/install/ros2_control_demo_example_11/share/ros2_control_demo_example_11/ros2_control
-- Installing: /mnt/c/Users/bubba/code/ros2_ws_code/install/ros2_control_demo_example_11/share/ros2_control_demo_example_11/ros2_control/carlikebot.ros2_control.xacro
-- Installing: /mnt/c/Users/bubba/code/ros2_ws_code/install/ros2_control_demo_example_11/share/ros2_control_demo_example_11/urdf
-- Installing: /mnt/c/Users/bubba/code/ros2_ws_code/install/ros2_control_demo_example_11/share/ros2_control_demo_example_11/urdf/carlikebot.urdf.xacro
-- Up-to-date: /mnt/c/Users/bubba/code/ros2_ws_code/install/ros2_control_demo_example_11/share/ros2_control_demo_example_11/launch
-- Installing: /mnt/c/Users/bubba/code/ros2_ws_code/install/ros2_control_demo_example_11/share/ros2_control_demo_example_11/launch/carlikebot.launch.py
-- Installing: /mnt/c/Users/bubba/code/ros2_ws_code/install/ros2_control_demo_example_11/share/ros2_control_demo_example_11/config
-- Installing: /mnt/c/Users/bubba/code/ros2_ws_code/install/ros2_control_demo_example_11/share/ros2_control_demo_example_11/config/carlikebot_controllers.yaml
-- Installing: /mnt/c/Users/bubba/code/ros2_ws_code/install/ros2_control_demo_example_11/lib/libros2_control_demo_example_11.so
-- Set non-toolchain portion of runtime path of "/mnt/c/Users/bubba/code/ros2_ws_code/install/ros2_control_demo_example_11/lib/libros2_control_demo_example_11.so" to ""
-- Installing: /mnt/c/Users/bubba/code/ros2_ws_code/install/ros2_control_demo_example_11/share/ros2_control_demo_example_11/environment/library_path.sh
-- Installing: /mnt/c/Users/bubba/code/ros2_ws_code/install/ros2_control_demo_example_11/share/ros2_control_demo_example_11/environment/library_path.dsv
-- Installing: /mnt/c/Users/bubba/code/ros2_ws_code/install/ros2_control_demo_example_11/share/ament_index/resource_index/package_run_dependencies/ros2_control_demo_example_11
-- Installing: /mnt/c/Users/bubba/code/ros2_ws_code/install/ros2_control_demo_example_11/share/ament_index/resource_index/parent_prefix_path/ros2_control_demo_example_11
-- Installing: /mnt/c/Users/bubba/code/ros2_ws_code/install/ros2_control_demo_example_11/share/ros2_control_demo_example_11/environment/ament_prefix_path.sh
-- Installing: /mnt/c/Users/bubba/code/ros2_ws_code/install/ros2_control_demo_example_11/share/ros2_control_demo_example_11/environment/ament_prefix_path.dsv
-- Installing: /mnt/c/Users/bubba/code/ros2_ws_code/install/ros2_control_demo_example_11/share/ros2_control_demo_example_11/environment/path.sh
-- Installing: /mnt/c/Users/bubba/code/ros2_ws_code/install/ros2_control_demo_example_11/share/ros2_control_demo_example_11/environment/path.dsv
-- Installing: /mnt/c/Users/bubba/code/ros2_ws_code/install/ros2_control_demo_example_11/share/ros2_control_demo_example_11/local_setup.bash
-- Installing: /mnt/c/Users/bubba/code/ros2_ws_code/install/ros2_control_demo_example_11/share/ros2_control_demo_example_11/local_setup.sh
-- Installing: /mnt/c/Users/bubba/code/ros2_ws_code/install/ros2_control_demo_example_11/share/ros2_control_demo_example_11/local_setup.zsh
-- Installing: /mnt/c/Users/bubba/code/ros2_ws_code/install/ros2_control_demo_example_11/share/ros2_control_demo_example_11/local_setup.dsv
-- Installing: /mnt/c/Users/bubba/code/ros2_ws_code/install/ros2_control_demo_example_11/share/ros2_control_demo_example_11/package.dsv
-- Installing: /mnt/c/Users/bubba/code/ros2_ws_code/install/ros2_control_demo_example_11/share/ament_index/resource_index/packages/ros2_control_demo_example_11
-- Installing: /mnt/c/Users/bubba/code/ros2_ws_code/install/ros2_control_demo_example_11/share/ament_index/resource_index/hardware_interface__pluginlib__plugin/ros2_control_demo_example_11
-- Installing: /mnt/c/Users/bubba/code/ros2_ws_code/install/ros2_control_demo_example_11/share/ros2_control_demo_example_11/cmake/export_ros2_control_demo_example_11Export.cmake
-- Installing: /mnt/c/Users/bubba/code/ros2_ws_code/install/ros2_control_demo_example_11/share/ros2_control_demo_example_11/cmake/export_ros2_control_demo_example_11Export-noconfig.cmake
-- Installing: /mnt/c/Users/bubba/code/ros2_ws_code/install/ros2_control_demo_example_11/share/ros2_control_demo_example_11/cmake/ament_cmake_export_targets-extras.cmake
-- Installing: /mnt/c/Users/bubba/code/ros2_ws_code/install/ros2_control_demo_example_11/share/ros2_control_demo_example_11/cmake/ament_cmake_export_dependencies-extras.cmake
-- Installing: /mnt/c/Users/bubba/code/ros2_ws_code/install/ros2_control_demo_example_11/share/ros2_control_demo_example_11/cmake/ros2_control_demo_example_11Config.cmake
-- Installing: /mnt/c/Users/bubba/code/ros2_ws_code/install/ros2_control_demo_example_11/share/ros2_control_demo_example_11/cmake/ros2_control_demo_example_11Config-version.cmake
-- Installing: /mnt/c/Users/bubba/code/ros2_ws_code/install/ros2_control_demo_example_11/share/ros2_control_demo_example_11/package.xml
