[3.024s] Invoking command in '/mnt/c/Users/bubba/code/ros2_ws_code/src/simple_scara_arm': PYTHONPATH=/mnt/c/Users/bubba/code/ros2_ws_code/build/simple_scara_arm/prefix_override:/usr/lib/python3/dist-packages/colcon_core/task/python/colcon_distutils_commands:/mnt/c/Users/bubba/code/ros2_ws_code/install/simple_scara_arm/lib/python3.12/site-packages:${PYTHONPATH} /usr/bin/python3 -W ignore:setup.py install is deprecated -W ignore:easy_install command is deprecated setup.py egg_info --egg-base ../../build/simple_scara_arm build --build-base /mnt/c/Users/bubba/code/ros2_ws_code/build/simple_scara_arm/build install --record /mnt/c/Users/bubba/code/ros2_ws_code/build/simple_scara_arm/install.log --single-version-externally-managed install_data
[3.935s] running egg_info
[3.963s] writing ../../build/simple_scara_arm/simple_scara_arm.egg-info/PKG-INFO
[3.967s] writing dependency_links to ../../build/simple_scara_arm/simple_scara_arm.egg-info/dependency_links.txt
[3.972s] writing requirements to ../../build/simple_scara_arm/simple_scara_arm.egg-info/requires.txt
[3.975s] writing top-level names to ../../build/simple_scara_arm/simple_scara_arm.egg-info/top_level.txt
[4.055s] reading manifest file '../../build/simple_scara_arm/simple_scara_arm.egg-info/SOURCES.txt'
[4.103s] writing manifest file '../../build/simple_scara_arm/simple_scara_arm.egg-info/SOURCES.txt'
[4.105s] running build
[4.106s] running build_py
[4.117s] running install
[4.126s] running install_lib
[4.191s] running install_data
[4.253s] copying worlds/inspection.world.sdf -> /mnt/c/Users/bubba/code/ros2_ws_code/install/simple_scara_arm/share/simple_scara_arm/worlds
[4.273s] running install_egg_info
[4.307s] removing '/mnt/c/Users/bubba/code/ros2_ws_code/install/simple_scara_arm/lib/python3.12/site-packages/simple_scara_arm-0.0.0-py3.12.egg-info' (and everything under it)
[4.343s] Copying ../../build/simple_scara_arm/simple_scara_arm.egg-info to /mnt/c/Users/bubba/code/ros2_ws_code/install/simple_scara_arm/lib/python3.12/site-packages/simple_scara_arm-0.0.0-py3.12.egg-info
[4.485s] running install_scripts
[4.799s] writing list of installed files to '/mnt/c/Users/bubba/code/ros2_ws_code/build/simple_scara_arm/install.log'
[4.822s] Invoked command in '/mnt/c/Users/bubba/code/ros2_ws_code/src/simple_scara_arm' returned '0': PYTHONPATH=/mnt/c/Users/bubba/code/ros2_ws_code/build/simple_scara_arm/prefix_override:/usr/lib/python3/dist-packages/colcon_core/task/python/colcon_distutils_commands:/mnt/c/Users/bubba/code/ros2_ws_code/install/simple_scara_arm/lib/python3.12/site-packages:${PYTHONPATH} /usr/bin/python3 -W ignore:setup.py install is deprecated -W ignore:easy_install command is deprecated setup.py egg_info --egg-base ../../build/simple_scara_arm build --build-base /mnt/c/Users/bubba/code/ros2_ws_code/build/simple_scara_arm/build install --record /mnt/c/Users/bubba/code/ros2_ws_code/build/simple_scara_arm/install.log --single-version-externally-managed install_data
