[2.668s] Invoking command in '/mnt/c/Users/bubba/code/ros2_ws_code/src/simple_scara_arm': PYTHONPATH=/mnt/c/Users/bubba/code/ros2_ws_code/build/simple_scara_arm/prefix_override:/usr/lib/python3/dist-packages/colcon_core/task/python/colcon_distutils_commands:/mnt/c/Users/bubba/code/ros2_ws_code/install/simple_scara_arm/lib/python3.12/site-packages:${PYTHONPATH} /usr/bin/python3 -W ignore:setup.py install is deprecated -W ignore:easy_install command is deprecated setup.py egg_info --egg-base ../../build/simple_scara_arm build --build-base /mnt/c/Users/bubba/code/ros2_ws_code/build/simple_scara_arm/build install --record /mnt/c/Users/bubba/code/ros2_ws_code/build/simple_scara_arm/install.log --single-version-externally-managed install_data
[3.474s] running egg_info
[3.499s] writing ../../build/simple_scara_arm/simple_scara_arm.egg-info/PKG-INFO
[3.503s] writing dependency_links to ../../build/simple_scara_arm/simple_scara_arm.egg-info/dependency_links.txt
[3.509s] writing requirements to ../../build/simple_scara_arm/simple_scara_arm.egg-info/requires.txt
[3.511s] writing top-level names to ../../build/simple_scara_arm/simple_scara_arm.egg-info/top_level.txt
[3.585s] reading manifest file '../../build/simple_scara_arm/simple_scara_arm.egg-info/SOURCES.txt'
[3.627s] writing manifest file '../../build/simple_scara_arm/simple_scara_arm.egg-info/SOURCES.txt'
[3.629s] running build
[3.629s] running build_py
[3.640s] running install
[3.648s] running install_lib
[3.703s] running install_data
[3.726s] copying launch/sim.launch.py -> /mnt/c/Users/bubba/code/ros2_ws_code/install/simple_scara_arm/share/simple_scara_arm/launch
[3.769s] running install_egg_info
[3.800s] removing '/mnt/c/Users/bubba/code/ros2_ws_code/install/simple_scara_arm/lib/python3.12/site-packages/simple_scara_arm-0.0.0-py3.12.egg-info' (and everything under it)
[3.837s] Copying ../../build/simple_scara_arm/simple_scara_arm.egg-info to /mnt/c/Users/bubba/code/ros2_ws_code/install/simple_scara_arm/lib/python3.12/site-packages/simple_scara_arm-0.0.0-py3.12.egg-info
[3.970s] running install_scripts
[4.234s] writing list of installed files to '/mnt/c/Users/bubba/code/ros2_ws_code/build/simple_scara_arm/install.log'
[4.256s] Invoked command in '/mnt/c/Users/bubba/code/ros2_ws_code/src/simple_scara_arm' returned '0': PYTHONPATH=/mnt/c/Users/bubba/code/ros2_ws_code/build/simple_scara_arm/prefix_override:/usr/lib/python3/dist-packages/colcon_core/task/python/colcon_distutils_commands:/mnt/c/Users/bubba/code/ros2_ws_code/install/simple_scara_arm/lib/python3.12/site-packages:${PYTHONPATH} /usr/bin/python3 -W ignore:setup.py install is deprecated -W ignore:easy_install command is deprecated setup.py egg_info --egg-base ../../build/simple_scara_arm build --build-base /mnt/c/Users/bubba/code/ros2_ws_code/build/simple_scara_arm/build install --record /mnt/c/Users/bubba/code/ros2_ws_code/build/simple_scara_arm/install.log --single-version-externally-managed install_data
