[3.132s] Invoking command in '/mnt/c/Users/bubba/code/ros2_ws_code/src/simple_scara_arm': PYTHONPATH=/mnt/c/Users/bubba/code/ros2_ws_code/build/simple_scara_arm/prefix_override:/usr/lib/python3/dist-packages/colcon_core/task/python/colcon_distutils_commands:/mnt/c/Users/bubba/code/ros2_ws_code/install/simple_scara_arm/lib/python3.12/site-packages:${PYTHONPATH} /usr/bin/python3 -W ignore:setup.py install is deprecated -W ignore:easy_install command is deprecated setup.py egg_info --egg-base ../../build/simple_scara_arm build --build-base /mnt/c/Users/bubba/code/ros2_ws_code/build/simple_scara_arm/build install --record /mnt/c/Users/bubba/code/ros2_ws_code/build/simple_scara_arm/install.log --single-version-externally-managed install_data
[4.026s] running egg_info
[4.051s] writing ../../build/simple_scara_arm/simple_scara_arm.egg-info/PKG-INFO
[4.056s] writing dependency_links to ../../build/simple_scara_arm/simple_scara_arm.egg-info/dependency_links.txt
[4.061s] writing requirements to ../../build/simple_scara_arm/simple_scara_arm.egg-info/requires.txt
[4.063s] writing top-level names to ../../build/simple_scara_arm/simple_scara_arm.egg-info/top_level.txt
[4.143s] reading manifest file '../../build/simple_scara_arm/simple_scara_arm.egg-info/SOURCES.txt'
[4.191s] writing manifest file '../../build/simple_scara_arm/simple_scara_arm.egg-info/SOURCES.txt'
[4.193s] running build
[4.193s] running build_py
[4.204s] running install
[4.213s] running install_lib
[4.279s] running install_data
[4.305s] copying launch/sim.launch.py -> /mnt/c/Users/bubba/code/ros2_ws_code/install/simple_scara_arm/share/simple_scara_arm/launch
[4.326s] copying urdf/myrobot2.urdf -> /mnt/c/Users/bubba/code/ros2_ws_code/install/simple_scara_arm/share/simple_scara_arm/urdf
[4.347s] running install_egg_info
[4.381s] removing '/mnt/c/Users/bubba/code/ros2_ws_code/install/simple_scara_arm/lib/python3.12/site-packages/simple_scara_arm-0.0.0-py3.12.egg-info' (and everything under it)
[4.417s] Copying ../../build/simple_scara_arm/simple_scara_arm.egg-info to /mnt/c/Users/bubba/code/ros2_ws_code/install/simple_scara_arm/lib/python3.12/site-packages/simple_scara_arm-0.0.0-py3.12.egg-info
[4.548s] running install_scripts
[4.852s] writing list of installed files to '/mnt/c/Users/bubba/code/ros2_ws_code/build/simple_scara_arm/install.log'
[4.875s] Invoked command in '/mnt/c/Users/bubba/code/ros2_ws_code/src/simple_scara_arm' returned '0': PYTHONPATH=/mnt/c/Users/bubba/code/ros2_ws_code/build/simple_scara_arm/prefix_override:/usr/lib/python3/dist-packages/colcon_core/task/python/colcon_distutils_commands:/mnt/c/Users/bubba/code/ros2_ws_code/install/simple_scara_arm/lib/python3.12/site-packages:${PYTHONPATH} /usr/bin/python3 -W ignore:setup.py install is deprecated -W ignore:easy_install command is deprecated setup.py egg_info --egg-base ../../build/simple_scara_arm build --build-base /mnt/c/Users/bubba/code/ros2_ws_code/build/simple_scara_arm/build install --record /mnt/c/Users/bubba/code/ros2_ws_code/build/simple_scara_arm/install.log --single-version-externally-managed install_data
