[2.824s] Invoking command in '/mnt/c/Users/bubba/code/ros2_ws_code/src/simple_scara_arm': PYTHONPATH=/mnt/c/Users/bubba/code/ros2_ws_code/build/simple_scara_arm/prefix_override:/usr/lib/python3/dist-packages/colcon_core/task/python/colcon_distutils_commands:/mnt/c/Users/bubba/code/ros2_ws_code/install/simple_scara_arm/lib/python3.12/site-packages:${PYTHONPATH} /usr/bin/python3 -W ignore:setup.py install is deprecated -W ignore:easy_install command is deprecated setup.py egg_info --egg-base ../../build/simple_scara_arm build --build-base /mnt/c/Users/bubba/code/ros2_ws_code/build/simple_scara_arm/build install --record /mnt/c/Users/bubba/code/ros2_ws_code/build/simple_scara_arm/install.log --single-version-externally-managed install_data
[3.620s] running egg_info
[3.645s] writing ../../build/simple_scara_arm/simple_scara_arm.egg-info/PKG-INFO
[3.649s] writing dependency_links to ../../build/simple_scara_arm/simple_scara_arm.egg-info/dependency_links.txt
[3.654s] writing requirements to ../../build/simple_scara_arm/simple_scara_arm.egg-info/requires.txt
[3.656s] writing top-level names to ../../build/simple_scara_arm/simple_scara_arm.egg-info/top_level.txt
[3.724s] reading manifest file '../../build/simple_scara_arm/simple_scara_arm.egg-info/SOURCES.txt'
[3.765s] writing manifest file '../../build/simple_scara_arm/simple_scara_arm.egg-info/SOURCES.txt'
[3.767s] running build
[3.768s] running build_py
[3.778s] running install
[3.786s] running install_lib
[3.846s] running install_data
[3.905s] copying worlds/inspection.world.sdf -> /mnt/c/Users/bubba/code/ros2_ws_code/install/simple_scara_arm/share/simple_scara_arm/worlds
[3.922s] running install_egg_info
[3.953s] removing '/mnt/c/Users/bubba/code/ros2_ws_code/install/simple_scara_arm/lib/python3.12/site-packages/simple_scara_arm-0.0.0-py3.12.egg-info' (and everything under it)
[3.983s] Copying ../../build/simple_scara_arm/simple_scara_arm.egg-info to /mnt/c/Users/bubba/code/ros2_ws_code/install/simple_scara_arm/lib/python3.12/site-packages/simple_scara_arm-0.0.0-py3.12.egg-info
[4.117s] running install_scripts
[4.397s] writing list of installed files to '/mnt/c/Users/bubba/code/ros2_ws_code/build/simple_scara_arm/install.log'
[4.419s] Invoked command in '/mnt/c/Users/bubba/code/ros2_ws_code/src/simple_scara_arm' returned '0': PYTHONPATH=/mnt/c/Users/bubba/code/ros2_ws_code/build/simple_scara_arm/prefix_override:/usr/lib/python3/dist-packages/colcon_core/task/python/colcon_distutils_commands:/mnt/c/Users/bubba/code/ros2_ws_code/install/simple_scara_arm/lib/python3.12/site-packages:${PYTHONPATH} /usr/bin/python3 -W ignore:setup.py install is deprecated -W ignore:easy_install command is deprecated setup.py egg_info --egg-base ../../build/simple_scara_arm build --build-base /mnt/c/Users/bubba/code/ros2_ws_code/build/simple_scara_arm/build install --record /mnt/c/Users/bubba/code/ros2_ws_code/build/simple_scara_arm/install.log --single-version-externally-managed install_data
