running egg_info
creating ../../build/scara_arm/scara_arm.egg-info
writing ../../build/scara_arm/scara_arm.egg-info/PKG-INFO
writing dependency_links to ../../build/scara_arm/scara_arm.egg-info/dependency_links.txt
writing requirements to ../../build/scara_arm/scara_arm.egg-info/requires.txt
writing top-level names to ../../build/scara_arm/scara_arm.egg-info/top_level.txt
writing manifest file '../../build/scara_arm/scara_arm.egg-info/SOURCES.txt'
reading manifest file '../../build/scara_arm/scara_arm.egg-info/SOURCES.txt'
writing manifest file '../../build/scara_arm/scara_arm.egg-info/SOURCES.txt'
running build
running build_py
creating /mnt/c/Users/bubba/code/ros2_ws_code/build/scara_arm/build
creating /mnt/c/Users/bubba/code/ros2_ws_code/build/scara_arm/build/lib
creating /mnt/c/Users/bubba/code/ros2_ws_code/build/scara_arm/build/lib/scara_arm
copying scara_arm/__init__.py -> /mnt/c/Users/bubba/code/ros2_ws_code/build/scara_arm/build/lib/scara_arm
running install
running install_lib
creating /mnt/c/Users/bubba/code/ros2_ws_code/install/scara_arm/lib/python3.12/site-packages/scara_arm
copying /mnt/c/Users/bubba/code/ros2_ws_code/build/scara_arm/build/lib/scara_arm/__init__.py -> /mnt/c/Users/bubba/code/ros2_ws_code/install/scara_arm/lib/python3.12/site-packages/scara_arm
byte-compiling /mnt/c/Users/bubba/code/ros2_ws_code/install/scara_arm/lib/python3.12/site-packages/scara_arm/__init__.py to __init__.cpython-312.pyc
running install_data
creating /mnt/c/Users/bubba/code/ros2_ws_code/install/scara_arm/share/ament_index
creating /mnt/c/Users/bubba/code/ros2_ws_code/install/scara_arm/share/ament_index/resource_index
creating /mnt/c/Users/bubba/code/ros2_ws_code/install/scara_arm/share/ament_index/resource_index/packages
copying resource/scara_arm -> /mnt/c/Users/bubba/code/ros2_ws_code/install/scara_arm/share/ament_index/resource_index/packages
copying package.xml -> /mnt/c/Users/bubba/code/ros2_ws_code/install/scara_arm/share/scara_arm
running install_egg_info
Copying ../../build/scara_arm/scara_arm.egg-info to /mnt/c/Users/bubba/code/ros2_ws_code/install/scara_arm/lib/python3.12/site-packages/scara_arm-0.0.0-py3.12.egg-info
running install_scripts
writing list of installed files to '/mnt/c/Users/bubba/code/ros2_ws_code/build/scara_arm/install.log'
