[3.308s] Invoking command in '/mnt/c/Users/bubba/code/ros2_ws_code/build/ros2_control_demo_example_15': AMENT_PREFIX_PATH=/mnt/c/Users/bubba/code/ros2_ws_code/install/ros2_control_demo_example_5:/mnt/c/Users/bubba/code/ros2_ws_code/install/ros2_control_demo_example_1:/mnt/c/Users/bubba/code/ros2_ws_code/install/ros2_control_demo_description:${AMENT_PREFIX_PATH} CMAKE_PREFIX_PATH=/mnt/c/Users/bubba/code/ros2_ws_code/install/ros2_control_demo_example_5:/mnt/c/Users/bubba/code/ros2_ws_code/install/ros2_control_demo_example_1:/mnt/c/Users/bubba/code/ros2_ws_code/install/ros2_control_demo_description:/opt/ros/jazzy/opt/gz_sim_vendor:/opt/ros/jazzy/opt/gz_sensors_vendor:/opt/ros/jazzy/opt/gz_physics_vendor:/opt/ros/jazzy/opt/sdformat_vendor:/opt/ros/jazzy/opt/gz_gui_vendor:/opt/ros/jazzy/opt/gz_transport_vendor:/opt/ros/jazzy/opt/gz_rendering_vendor:/opt/ros/jazzy/opt/gz_plugin_vendor:/opt/ros/jazzy/opt/gz_fuel_tools_vendor:/opt/ros/jazzy/opt/gz_msgs_vendor:/opt/ros/jazzy/opt/gz_common_vendor:/opt/ros/jazzy/opt/gz_math_vendor:/opt/ros/jazzy/opt/gz_utils_vendor:/opt/ros/jazzy/opt/gz_tools_vendor:/opt/ros/jazzy/opt/gz_ogre_next_vendor:/opt/ros/jazzy/opt/gz_dartsim_vendor:/opt/ros/jazzy/opt/gz_cmake_vendor:/mnt/c/Users/bubba/code/ros2_ws_code/install/simple_scara_arm:/mnt/c/Users/bubba/code/ros2_ws_code/install/scara_arm:/opt/ros/jazzy LD_LIBRARY_PATH=/mnt/c/Users/bubba/code/ros2_ws_code/install/ros2_control_demo_example_5/lib:/mnt/c/Users/bubba/code/ros2_ws_code/install/ros2_control_demo_example_1/lib:${LD_LIBRARY_PATH} /usr/bin/cmake /mnt/c/Users/bubba/code/ros2_ws_code/src/ros2_control_demos/example_15 -DCMAKE_INSTALL_PREFIX=/mnt/c/Users/bubba/code/ros2_ws_code/install/ros2_control_demo_example_15
[3.985s] -- The CXX compiler identification is GNU 13.3.0
[5.369s] -- Detecting CXX compiler ABI info
[6.787s] -- Detecting CXX compiler ABI info - done
[6.819s] -- Check for working CXX compiler: /usr/bin/c++ - skipped
[6.820s] -- Detecting CXX compile features
[6.820s] -- Detecting CXX compile features - done
[6.996s] -- Found ros2_control_cmake: 0.3.0 (/opt/ros/jazzy/share/ros2_control_cmake/cmake)
[6.997s] -- Compiler warnings enabled for GNU
[6.997s] -- Detected GCC Version: 13.3.0 (Major: 13, Minor: 3)
[7.140s] -- Found ament_cmake: 2.5.4 (/opt/ros/jazzy/share/ament_cmake/cmake)
[9.461s] -- Found Python3: /usr/bin/python3 (found version "3.12.3") found components: Interpreter 
[11.391s] -- Found ament_cmake_ros: 0.12.0 (/opt/ros/jazzy/share/ament_cmake_ros/cmake)
[11.889s] -- Found launch_testing_ament_cmake: 3.4.9 (/opt/ros/jazzy/share/launch_testing_ament_cmake/cmake)
[12.008s] -- Found python_cmake_module: 0.11.1 (/opt/ros/jazzy/share/python_cmake_module/cmake)
[12.609s] -- Found PythonExtra: /usr/bin/python3  
[13.168s] -- Configuring done (9.7s)
[13.382s] -- Generating done (0.2s)
[13.526s] -- Build files have been written to: /mnt/c/Users/bubba/code/ros2_ws_code/build/ros2_control_demo_example_15
[13.532s] Invoked command in '/mnt/c/Users/bubba/code/ros2_ws_code/build/ros2_control_demo_example_15' returned '0': AMENT_PREFIX_PATH=/mnt/c/Users/bubba/code/ros2_ws_code/install/ros2_control_demo_example_5:/mnt/c/Users/bubba/code/ros2_ws_code/install/ros2_control_demo_example_1:/mnt/c/Users/bubba/code/ros2_ws_code/install/ros2_control_demo_description:${AMENT_PREFIX_PATH} CMAKE_PREFIX_PATH=/mnt/c/Users/bubba/code/ros2_ws_code/install/ros2_control_demo_example_5:/mnt/c/Users/bubba/code/ros2_ws_code/install/ros2_control_demo_example_1:/mnt/c/Users/bubba/code/ros2_ws_code/install/ros2_control_demo_description:/opt/ros/jazzy/opt/gz_sim_vendor:/opt/ros/jazzy/opt/gz_sensors_vendor:/opt/ros/jazzy/opt/gz_physics_vendor:/opt/ros/jazzy/opt/sdformat_vendor:/opt/ros/jazzy/opt/gz_gui_vendor:/opt/ros/jazzy/opt/gz_transport_vendor:/opt/ros/jazzy/opt/gz_rendering_vendor:/opt/ros/jazzy/opt/gz_plugin_vendor:/opt/ros/jazzy/opt/gz_fuel_tools_vendor:/opt/ros/jazzy/opt/gz_msgs_vendor:/opt/ros/jazzy/opt/gz_common_vendor:/opt/ros/jazzy/opt/gz_math_vendor:/opt/ros/jazzy/opt/gz_utils_vendor:/opt/ros/jazzy/opt/gz_tools_vendor:/opt/ros/jazzy/opt/gz_ogre_next_vendor:/opt/ros/jazzy/opt/gz_dartsim_vendor:/opt/ros/jazzy/opt/gz_cmake_vendor:/mnt/c/Users/bubba/code/ros2_ws_code/install/simple_scara_arm:/mnt/c/Users/bubba/code/ros2_ws_code/install/scara_arm:/opt/ros/jazzy LD_LIBRARY_PATH=/mnt/c/Users/bubba/code/ros2_ws_code/install/ros2_control_demo_example_5/lib:/mnt/c/Users/bubba/code/ros2_ws_code/install/ros2_control_demo_example_1/lib:${LD_LIBRARY_PATH} /usr/bin/cmake /mnt/c/Users/bubba/code/ros2_ws_code/src/ros2_control_demos/example_15 -DCMAKE_INSTALL_PREFIX=/mnt/c/Users/bubba/code/ros2_ws_code/install/ros2_control_demo_example_15
[13.537s] Invoking command in '/mnt/c/Users/bubba/code/ros2_ws_code/build/ros2_control_demo_example_15': AMENT_PREFIX_PATH=/mnt/c/Users/bubba/code/ros2_ws_code/install/ros2_control_demo_example_5:/mnt/c/Users/bubba/code/ros2_ws_code/install/ros2_control_demo_example_1:/mnt/c/Users/bubba/code/ros2_ws_code/install/ros2_control_demo_description:${AMENT_PREFIX_PATH} CMAKE_PREFIX_PATH=/mnt/c/Users/bubba/code/ros2_ws_code/install/ros2_control_demo_example_5:/mnt/c/Users/bubba/code/ros2_ws_code/install/ros2_control_demo_example_1:/mnt/c/Users/bubba/code/ros2_ws_code/install/ros2_control_demo_description:/opt/ros/jazzy/opt/gz_sim_vendor:/opt/ros/jazzy/opt/gz_sensors_vendor:/opt/ros/jazzy/opt/gz_physics_vendor:/opt/ros/jazzy/opt/sdformat_vendor:/opt/ros/jazzy/opt/gz_gui_vendor:/opt/ros/jazzy/opt/gz_transport_vendor:/opt/ros/jazzy/opt/gz_rendering_vendor:/opt/ros/jazzy/opt/gz_plugin_vendor:/opt/ros/jazzy/opt/gz_fuel_tools_vendor:/opt/ros/jazzy/opt/gz_msgs_vendor:/opt/ros/jazzy/opt/gz_common_vendor:/opt/ros/jazzy/opt/gz_math_vendor:/opt/ros/jazzy/opt/gz_utils_vendor:/opt/ros/jazzy/opt/gz_tools_vendor:/opt/ros/jazzy/opt/gz_ogre_next_vendor:/opt/ros/jazzy/opt/gz_dartsim_vendor:/opt/ros/jazzy/opt/gz_cmake_vendor:/mnt/c/Users/bubba/code/ros2_ws_code/install/simple_scara_arm:/mnt/c/Users/bubba/code/ros2_ws_code/install/scara_arm:/opt/ros/jazzy LD_LIBRARY_PATH=/mnt/c/Users/bubba/code/ros2_ws_code/install/ros2_control_demo_example_5/lib:/mnt/c/Users/bubba/code/ros2_ws_code/install/ros2_control_demo_example_1/lib:${LD_LIBRARY_PATH} /usr/bin/cmake --build /mnt/c/Users/bubba/code/ros2_ws_code/build/ros2_control_demo_example_15 -- -j16 -l16
[14.018s] Invoked command in '/mnt/c/Users/bubba/code/ros2_ws_code/build/ros2_control_demo_example_15' returned '0': AMENT_PREFIX_PATH=/mnt/c/Users/bubba/code/ros2_ws_code/install/ros2_control_demo_example_5:/mnt/c/Users/bubba/code/ros2_ws_code/install/ros2_control_demo_example_1:/mnt/c/Users/bubba/code/ros2_ws_code/install/ros2_control_demo_description:${AMENT_PREFIX_PATH} CMAKE_PREFIX_PATH=/mnt/c/Users/bubba/code/ros2_ws_code/install/ros2_control_demo_example_5:/mnt/c/Users/bubba/code/ros2_ws_code/install/ros2_control_demo_example_1:/mnt/c/Users/bubba/code/ros2_ws_code/install/ros2_control_demo_description:/opt/ros/jazzy/opt/gz_sim_vendor:/opt/ros/jazzy/opt/gz_sensors_vendor:/opt/ros/jazzy/opt/gz_physics_vendor:/opt/ros/jazzy/opt/sdformat_vendor:/opt/ros/jazzy/opt/gz_gui_vendor:/opt/ros/jazzy/opt/gz_transport_vendor:/opt/ros/jazzy/opt/gz_rendering_vendor:/opt/ros/jazzy/opt/gz_plugin_vendor:/opt/ros/jazzy/opt/gz_fuel_tools_vendor:/opt/ros/jazzy/opt/gz_msgs_vendor:/opt/ros/jazzy/opt/gz_common_vendor:/opt/ros/jazzy/opt/gz_math_vendor:/opt/ros/jazzy/opt/gz_utils_vendor:/opt/ros/jazzy/opt/gz_tools_vendor:/opt/ros/jazzy/opt/gz_ogre_next_vendor:/opt/ros/jazzy/opt/gz_dartsim_vendor:/opt/ros/jazzy/opt/gz_cmake_vendor:/mnt/c/Users/bubba/code/ros2_ws_code/install/simple_scara_arm:/mnt/c/Users/bubba/code/ros2_ws_code/install/scara_arm:/opt/ros/jazzy LD_LIBRARY_PATH=/mnt/c/Users/bubba/code/ros2_ws_code/install/ros2_control_demo_example_5/lib:/mnt/c/Users/bubba/code/ros2_ws_code/install/ros2_control_demo_example_1/lib:${LD_LIBRARY_PATH} /usr/bin/cmake --build /mnt/c/Users/bubba/code/ros2_ws_code/build/ros2_control_demo_example_15 -- -j16 -l16
[14.031s] Invoking command in '/mnt/c/Users/bubba/code/ros2_ws_code/build/ros2_control_demo_example_15': AMENT_PREFIX_PATH=/mnt/c/Users/bubba/code/ros2_ws_code/install/ros2_control_demo_example_5:/mnt/c/Users/bubba/code/ros2_ws_code/install/ros2_control_demo_example_1:/mnt/c/Users/bubba/code/ros2_ws_code/install/ros2_control_demo_description:${AMENT_PREFIX_PATH} CMAKE_PREFIX_PATH=/mnt/c/Users/bubba/code/ros2_ws_code/install/ros2_control_demo_example_5:/mnt/c/Users/bubba/code/ros2_ws_code/install/ros2_control_demo_example_1:/mnt/c/Users/bubba/code/ros2_ws_code/install/ros2_control_demo_description:/opt/ros/jazzy/opt/gz_sim_vendor:/opt/ros/jazzy/opt/gz_sensors_vendor:/opt/ros/jazzy/opt/gz_physics_vendor:/opt/ros/jazzy/opt/sdformat_vendor:/opt/ros/jazzy/opt/gz_gui_vendor:/opt/ros/jazzy/opt/gz_transport_vendor:/opt/ros/jazzy/opt/gz_rendering_vendor:/opt/ros/jazzy/opt/gz_plugin_vendor:/opt/ros/jazzy/opt/gz_fuel_tools_vendor:/opt/ros/jazzy/opt/gz_msgs_vendor:/opt/ros/jazzy/opt/gz_common_vendor:/opt/ros/jazzy/opt/gz_math_vendor:/opt/ros/jazzy/opt/gz_utils_vendor:/opt/ros/jazzy/opt/gz_tools_vendor:/opt/ros/jazzy/opt/gz_ogre_next_vendor:/opt/ros/jazzy/opt/gz_dartsim_vendor:/opt/ros/jazzy/opt/gz_cmake_vendor:/mnt/c/Users/bubba/code/ros2_ws_code/install/simple_scara_arm:/mnt/c/Users/bubba/code/ros2_ws_code/install/scara_arm:/opt/ros/jazzy LD_LIBRARY_PATH=/mnt/c/Users/bubba/code/ros2_ws_code/install/ros2_control_demo_example_5/lib:/mnt/c/Users/bubba/code/ros2_ws_code/install/ros2_control_demo_example_1/lib:${LD_LIBRARY_PATH} /usr/bin/cmake --install /mnt/c/Users/bubba/code/ros2_ws_code/build/ros2_control_demo_example_15
[14.128s] -- Install configuration: ""
[14.134s] -- Installing: /mnt/c/Users/bubba/code/ros2_ws_code/install/ros2_control_demo_example_15/share/ros2_control_demo_example_15/rviz
[14.156s] -- Installing: /mnt/c/Users/bubba/code/ros2_ws_code/install/ros2_control_demo_example_15/share/ros2_control_demo_example_15/rviz/multi_controller_manager.rviz
[14.210s] -- Installing: /mnt/c/Users/bubba/code/ros2_ws_code/install/ros2_control_demo_example_15/share/ros2_control_demo_example_15/rviz/rrbot_namespace.rviz
[14.264s] -- Installing: /mnt/c/Users/bubba/code/ros2_ws_code/install/ros2_control_demo_example_15/share/ros2_control_demo_example_15/launch
[14.288s] -- Installing: /mnt/c/Users/bubba/code/ros2_ws_code/install/ros2_control_demo_example_15/share/ros2_control_demo_example_15/launch/multi_controller_manager_example_two_rrbots.launch.py
[14.345s] -- Installing: /mnt/c/Users/bubba/code/ros2_ws_code/install/ros2_control_demo_example_15/share/ros2_control_demo_example_15/launch/rrbot_base.launch.py
[14.402s] -- Installing: /mnt/c/Users/bubba/code/ros2_ws_code/install/ros2_control_demo_example_15/share/ros2_control_demo_example_15/launch/rrbot_namespace.launch.py
[14.460s] -- Installing: /mnt/c/Users/bubba/code/ros2_ws_code/install/ros2_control_demo_example_15/share/ros2_control_demo_example_15/launch/test_forward_position_controller.launch.py
[14.526s] -- Installing: /mnt/c/Users/bubba/code/ros2_ws_code/install/ros2_control_demo_example_15/share/ros2_control_demo_example_15/launch/test_joint_trajectory_controller.launch.py
[14.585s] -- Installing: /mnt/c/Users/bubba/code/ros2_ws_code/install/ros2_control_demo_example_15/share/ros2_control_demo_example_15/launch/test_multi_controller_manager_forward_position_controller.launch.py
[14.648s] -- Installing: /mnt/c/Users/bubba/code/ros2_ws_code/install/ros2_control_demo_example_15/share/ros2_control_demo_example_15/launch/test_multi_controller_manager_joint_trajectory_controller.launch.py
[14.701s] -- Installing: /mnt/c/Users/bubba/code/ros2_ws_code/install/ros2_control_demo_example_15/share/ros2_control_demo_example_15/config
[14.723s] -- Installing: /mnt/c/Users/bubba/code/ros2_ws_code/install/ros2_control_demo_example_15/share/ros2_control_demo_example_15/config/multi_controller_manager_forward_position_publisher.yaml
[14.779s] -- Installing: /mnt/c/Users/bubba/code/ros2_ws_code/install/ros2_control_demo_example_15/share/ros2_control_demo_example_15/config/multi_controller_manager_joint_trajectory_publisher.yaml
[14.846s] -- Installing: /mnt/c/Users/bubba/code/ros2_ws_code/install/ros2_control_demo_example_15/share/ros2_control_demo_example_15/config/multi_controller_manager_rrbot_generic_controllers.yaml
[14.900s] -- Installing: /mnt/c/Users/bubba/code/ros2_ws_code/install/ros2_control_demo_example_15/share/ros2_control_demo_example_15/config/rrbot_namespace_controllers.yaml
[14.959s] -- Installing: /mnt/c/Users/bubba/code/ros2_ws_code/install/ros2_control_demo_example_15/share/ros2_control_demo_example_15/config/rrbot_namespace_forward_position_publisher.yaml
[15.013s] -- Installing: /mnt/c/Users/bubba/code/ros2_ws_code/install/ros2_control_demo_example_15/share/ros2_control_demo_example_15/config/rrbot_namespace_joint_trajectory_publisher.yaml
[15.077s] -- Installing: /mnt/c/Users/bubba/code/ros2_ws_code/install/ros2_control_demo_example_15/share/ament_index/resource_index/package_run_dependencies/ros2_control_demo_example_15
[15.145s] -- Installing: /mnt/c/Users/bubba/code/ros2_ws_code/install/ros2_control_demo_example_15/share/ament_index/resource_index/parent_prefix_path/ros2_control_demo_example_15
[15.198s] -- Installing: /mnt/c/Users/bubba/code/ros2_ws_code/install/ros2_control_demo_example_15/share/ros2_control_demo_example_15/environment/ament_prefix_path.sh
[15.231s] -- Installing: /mnt/c/Users/bubba/code/ros2_ws_code/install/ros2_control_demo_example_15/share/ros2_control_demo_example_15/environment/ament_prefix_path.dsv
[15.267s] -- Installing: /mnt/c/Users/bubba/code/ros2_ws_code/install/ros2_control_demo_example_15/share/ros2_control_demo_example_15/environment/path.sh
[15.303s] -- Installing: /mnt/c/Users/bubba/code/ros2_ws_code/install/ros2_control_demo_example_15/share/ros2_control_demo_example_15/environment/path.dsv
[15.341s] -- Installing: /mnt/c/Users/bubba/code/ros2_ws_code/install/ros2_control_demo_example_15/share/ros2_control_demo_example_15/local_setup.bash
[15.378s] -- Installing: /mnt/c/Users/bubba/code/ros2_ws_code/install/ros2_control_demo_example_15/share/ros2_control_demo_example_15/local_setup.sh
[15.415s] -- Installing: /mnt/c/Users/bubba/code/ros2_ws_code/install/ros2_control_demo_example_15/share/ros2_control_demo_example_15/local_setup.zsh
[15.454s] -- Installing: /mnt/c/Users/bubba/code/ros2_ws_code/install/ros2_control_demo_example_15/share/ros2_control_demo_example_15/local_setup.dsv
[15.492s] -- Installing: /mnt/c/Users/bubba/code/ros2_ws_code/install/ros2_control_demo_example_15/share/ros2_control_demo_example_15/package.dsv
[15.546s] -- Installing: /mnt/c/Users/bubba/code/ros2_ws_code/install/ros2_control_demo_example_15/share/ament_index/resource_index/packages/ros2_control_demo_example_15
[15.611s] -- Installing: /mnt/c/Users/bubba/code/ros2_ws_code/install/ros2_control_demo_example_15/share/ros2_control_demo_example_15/cmake/ros2_control_demo_example_15Config.cmake
[15.653s] -- Installing: /mnt/c/Users/bubba/code/ros2_ws_code/install/ros2_control_demo_example_15/share/ros2_control_demo_example_15/cmake/ros2_control_demo_example_15Config-version.cmake
[15.701s] -- Installing: /mnt/c/Users/bubba/code/ros2_ws_code/install/ros2_control_demo_example_15/share/ros2_control_demo_example_15/package.xml
[15.737s] Invoked command in '/mnt/c/Users/bubba/code/ros2_ws_code/build/ros2_control_demo_example_15' returned '0': AMENT_PREFIX_PATH=/mnt/c/Users/bubba/code/ros2_ws_code/install/ros2_control_demo_example_5:/mnt/c/Users/bubba/code/ros2_ws_code/install/ros2_control_demo_example_1:/mnt/c/Users/bubba/code/ros2_ws_code/install/ros2_control_demo_description:${AMENT_PREFIX_PATH} CMAKE_PREFIX_PATH=/mnt/c/Users/bubba/code/ros2_ws_code/install/ros2_control_demo_example_5:/mnt/c/Users/bubba/code/ros2_ws_code/install/ros2_control_demo_example_1:/mnt/c/Users/bubba/code/ros2_ws_code/install/ros2_control_demo_description:/opt/ros/jazzy/opt/gz_sim_vendor:/opt/ros/jazzy/opt/gz_sensors_vendor:/opt/ros/jazzy/opt/gz_physics_vendor:/opt/ros/jazzy/opt/sdformat_vendor:/opt/ros/jazzy/opt/gz_gui_vendor:/opt/ros/jazzy/opt/gz_transport_vendor:/opt/ros/jazzy/opt/gz_rendering_vendor:/opt/ros/jazzy/opt/gz_plugin_vendor:/opt/ros/jazzy/opt/gz_fuel_tools_vendor:/opt/ros/jazzy/opt/gz_msgs_vendor:/opt/ros/jazzy/opt/gz_common_vendor:/opt/ros/jazzy/opt/gz_math_vendor:/opt/ros/jazzy/opt/gz_utils_vendor:/opt/ros/jazzy/opt/gz_tools_vendor:/opt/ros/jazzy/opt/gz_ogre_next_vendor:/opt/ros/jazzy/opt/gz_dartsim_vendor:/opt/ros/jazzy/opt/gz_cmake_vendor:/mnt/c/Users/bubba/code/ros2_ws_code/install/simple_scara_arm:/mnt/c/Users/bubba/code/ros2_ws_code/install/scara_arm:/opt/ros/jazzy LD_LIBRARY_PATH=/mnt/c/Users/bubba/code/ros2_ws_code/install/ros2_control_demo_example_5/lib:/mnt/c/Users/bubba/code/ros2_ws_code/install/ros2_control_demo_example_1/lib:${LD_LIBRARY_PATH} /usr/bin/cmake --install /mnt/c/Users/bubba/code/ros2_ws_code/build/ros2_control_demo_example_15
