[0.665s] Invoking command in '/mnt/c/Users/bubba/code/ros2_ws_code/build/ros2_control_demo_example_13': AMENT_PREFIX_PATH=/mnt/c/Users/bubba/code/ros2_ws_code/install/ros2_control_demo_example_5:/mnt/c/Users/bubba/code/ros2_ws_code/install/ros2_control_demo_example_4:/mnt/c/Users/bubba/code/ros2_ws_code/install/ros2_control_demo_description:${AMENT_PREFIX_PATH} CMAKE_PREFIX_PATH=/mnt/c/Users/bubba/code/ros2_ws_code/install/ros2_control_demo_example_5:/mnt/c/Users/bubba/code/ros2_ws_code/install/ros2_control_demo_example_4:/mnt/c/Users/bubba/code/ros2_ws_code/install/ros2_control_demo_description:/opt/ros/jazzy/opt/gz_sim_vendor:/opt/ros/jazzy/opt/gz_sensors_vendor:/opt/ros/jazzy/opt/gz_physics_vendor:/opt/ros/jazzy/opt/sdformat_vendor:/opt/ros/jazzy/opt/gz_gui_vendor:/opt/ros/jazzy/opt/gz_transport_vendor:/opt/ros/jazzy/opt/gz_rendering_vendor:/opt/ros/jazzy/opt/gz_plugin_vendor:/opt/ros/jazzy/opt/gz_fuel_tools_vendor:/opt/ros/jazzy/opt/gz_msgs_vendor:/opt/ros/jazzy/opt/gz_common_vendor:/opt/ros/jazzy/opt/gz_math_vendor:/opt/ros/jazzy/opt/gz_utils_vendor:/opt/ros/jazzy/opt/gz_tools_vendor:/opt/ros/jazzy/opt/gz_ogre_next_vendor:/opt/ros/jazzy/opt/gz_dartsim_vendor:/opt/ros/jazzy/opt/gz_cmake_vendor:/mnt/c/Users/bubba/code/ros2_ws_code/install/simple_scara_arm:/mnt/c/Users/bubba/code/ros2_ws_code/install/scara_arm:/opt/ros/jazzy LD_LIBRARY_PATH=/mnt/c/Users/bubba/code/ros2_ws_code/install/ros2_control_demo_example_5/lib:/mnt/c/Users/bubba/code/ros2_ws_code/install/ros2_control_demo_example_4/lib:${LD_LIBRARY_PATH} /usr/bin/cmake /mnt/c/Users/bubba/code/ros2_ws_code/src/ros2_control_demos/example_13 -DCMAKE_INSTALL_PREFIX=/mnt/c/Users/bubba/code/ros2_ws_code/install/ros2_control_demo_example_13
[1.370s] -- The CXX compiler identification is GNU 13.3.0
[2.699s] -- Detecting CXX compiler ABI info
[4.131s] -- Detecting CXX compiler ABI info - done
[4.160s] -- Check for working CXX compiler: /usr/bin/c++ - skipped
[4.161s] -- Detecting CXX compile features
[4.162s] -- Detecting CXX compile features - done
[4.305s] -- Found ros2_control_cmake: 0.3.0 (/opt/ros/jazzy/share/ros2_control_cmake/cmake)
[4.305s] -- Compiler warnings enabled for GNU
[4.306s] -- Detected GCC Version: 13.3.0 (Major: 13, Minor: 3)
[4.412s] -- Found controller_manager: 4.39.2 (/opt/ros/jazzy/share/controller_manager/cmake)
[6.594s] -- Found Python3: /usr/bin/python3 (found version "3.12.3") found components: Interpreter 
[10.265s] -- Found rosidl_generator_c: 4.6.6 (/opt/ros/jazzy/share/rosidl_generator_c/cmake)
[10.661s] -- Found rosidl_generator_cpp: 4.6.6 (/opt/ros/jazzy/share/rosidl_generator_cpp/cmake)
[11.035s] -- Using all available rosidl_typesupport_c: rosidl_typesupport_fastrtps_c;rosidl_typesupport_introspection_c
[11.457s] -- Using all available rosidl_typesupport_cpp: rosidl_typesupport_fastrtps_cpp;rosidl_typesupport_introspection_cpp
[12.705s] -- Found rmw_implementation_cmake: 7.3.2 (/opt/ros/jazzy/share/rmw_implementation_cmake/cmake)
[12.836s] -- Found rmw_fastrtps_cpp: 8.4.3 (/opt/ros/jazzy/share/rmw_fastrtps_cpp/cmake)
[14.084s] -- Found OpenSSL: /usr/lib/x86_64-linux-gnu/libcrypto.so (found version "3.0.13")  
[14.471s] -- Found FastRTPS: /opt/ros/jazzy/include (Required is at least version "2.13") 
[14.682s] -- Using RMW implementation 'rmw_fastrtps_cpp' as default
[21.796s] -- Found ament_cmake_ros: 0.12.0 (/opt/ros/jazzy/share/ament_cmake_ros/cmake)
[22.258s] -- Found launch_testing_ament_cmake: 3.4.9 (/opt/ros/jazzy/share/launch_testing_ament_cmake/cmake)
[22.369s] -- Found python_cmake_module: 0.11.1 (/opt/ros/jazzy/share/python_cmake_module/cmake)
[23.043s] -- Found PythonExtra: /usr/bin/python3  
[24.647s] -- Configuring done (23.9s)
[24.877s] -- Generating done (0.2s)
[25.017s] -- Build files have been written to: /mnt/c/Users/bubba/code/ros2_ws_code/build/ros2_control_demo_example_13
[25.033s] Invoked command in '/mnt/c/Users/bubba/code/ros2_ws_code/build/ros2_control_demo_example_13' returned '0': AMENT_PREFIX_PATH=/mnt/c/Users/bubba/code/ros2_ws_code/install/ros2_control_demo_example_5:/mnt/c/Users/bubba/code/ros2_ws_code/install/ros2_control_demo_example_4:/mnt/c/Users/bubba/code/ros2_ws_code/install/ros2_control_demo_description:${AMENT_PREFIX_PATH} CMAKE_PREFIX_PATH=/mnt/c/Users/bubba/code/ros2_ws_code/install/ros2_control_demo_example_5:/mnt/c/Users/bubba/code/ros2_ws_code/install/ros2_control_demo_example_4:/mnt/c/Users/bubba/code/ros2_ws_code/install/ros2_control_demo_description:/opt/ros/jazzy/opt/gz_sim_vendor:/opt/ros/jazzy/opt/gz_sensors_vendor:/opt/ros/jazzy/opt/gz_physics_vendor:/opt/ros/jazzy/opt/sdformat_vendor:/opt/ros/jazzy/opt/gz_gui_vendor:/opt/ros/jazzy/opt/gz_transport_vendor:/opt/ros/jazzy/opt/gz_rendering_vendor:/opt/ros/jazzy/opt/gz_plugin_vendor:/opt/ros/jazzy/opt/gz_fuel_tools_vendor:/opt/ros/jazzy/opt/gz_msgs_vendor:/opt/ros/jazzy/opt/gz_common_vendor:/opt/ros/jazzy/opt/gz_math_vendor:/opt/ros/jazzy/opt/gz_utils_vendor:/opt/ros/jazzy/opt/gz_tools_vendor:/opt/ros/jazzy/opt/gz_ogre_next_vendor:/opt/ros/jazzy/opt/gz_dartsim_vendor:/opt/ros/jazzy/opt/gz_cmake_vendor:/mnt/c/Users/bubba/code/ros2_ws_code/install/simple_scara_arm:/mnt/c/Users/bubba/code/ros2_ws_code/install/scara_arm:/opt/ros/jazzy LD_LIBRARY_PATH=/mnt/c/Users/bubba/code/ros2_ws_code/install/ros2_control_demo_example_5/lib:/mnt/c/Users/bubba/code/ros2_ws_code/install/ros2_control_demo_example_4/lib:${LD_LIBRARY_PATH} /usr/bin/cmake /mnt/c/Users/bubba/code/ros2_ws_code/src/ros2_control_demos/example_13 -DCMAKE_INSTALL_PREFIX=/mnt/c/Users/bubba/code/ros2_ws_code/install/ros2_control_demo_example_13
[25.039s] Invoking command in '/mnt/c/Users/bubba/code/ros2_ws_code/build/ros2_control_demo_example_13': AMENT_PREFIX_PATH=/mnt/c/Users/bubba/code/ros2_ws_code/install/ros2_control_demo_example_5:/mnt/c/Users/bubba/code/ros2_ws_code/install/ros2_control_demo_example_4:/mnt/c/Users/bubba/code/ros2_ws_code/install/ros2_control_demo_description:${AMENT_PREFIX_PATH} CMAKE_PREFIX_PATH=/mnt/c/Users/bubba/code/ros2_ws_code/install/ros2_control_demo_example_5:/mnt/c/Users/bubba/code/ros2_ws_code/install/ros2_control_demo_example_4:/mnt/c/Users/bubba/code/ros2_ws_code/install/ros2_control_demo_description:/opt/ros/jazzy/opt/gz_sim_vendor:/opt/ros/jazzy/opt/gz_sensors_vendor:/opt/ros/jazzy/opt/gz_physics_vendor:/opt/ros/jazzy/opt/sdformat_vendor:/opt/ros/jazzy/opt/gz_gui_vendor:/opt/ros/jazzy/opt/gz_transport_vendor:/opt/ros/jazzy/opt/gz_rendering_vendor:/opt/ros/jazzy/opt/gz_plugin_vendor:/opt/ros/jazzy/opt/gz_fuel_tools_vendor:/opt/ros/jazzy/opt/gz_msgs_vendor:/opt/ros/jazzy/opt/gz_common_vendor:/opt/ros/jazzy/opt/gz_math_vendor:/opt/ros/jazzy/opt/gz_utils_vendor:/opt/ros/jazzy/opt/gz_tools_vendor:/opt/ros/jazzy/opt/gz_ogre_next_vendor:/opt/ros/jazzy/opt/gz_dartsim_vendor:/opt/ros/jazzy/opt/gz_cmake_vendor:/mnt/c/Users/bubba/code/ros2_ws_code/install/simple_scara_arm:/mnt/c/Users/bubba/code/ros2_ws_code/install/scara_arm:/opt/ros/jazzy LD_LIBRARY_PATH=/mnt/c/Users/bubba/code/ros2_ws_code/install/ros2_control_demo_example_5/lib:/mnt/c/Users/bubba/code/ros2_ws_code/install/ros2_control_demo_example_4/lib:${LD_LIBRARY_PATH} /usr/bin/cmake --build /mnt/c/Users/bubba/code/ros2_ws_code/build/ros2_control_demo_example_13 -- -j16 -l16
[25.620s] Invoked command in '/mnt/c/Users/bubba/code/ros2_ws_code/build/ros2_control_demo_example_13' returned '0': AMENT_PREFIX_PATH=/mnt/c/Users/bubba/code/ros2_ws_code/install/ros2_control_demo_example_5:/mnt/c/Users/bubba/code/ros2_ws_code/install/ros2_control_demo_example_4:/mnt/c/Users/bubba/code/ros2_ws_code/install/ros2_control_demo_description:${AMENT_PREFIX_PATH} CMAKE_PREFIX_PATH=/mnt/c/Users/bubba/code/ros2_ws_code/install/ros2_control_demo_example_5:/mnt/c/Users/bubba/code/ros2_ws_code/install/ros2_control_demo_example_4:/mnt/c/Users/bubba/code/ros2_ws_code/install/ros2_control_demo_description:/opt/ros/jazzy/opt/gz_sim_vendor:/opt/ros/jazzy/opt/gz_sensors_vendor:/opt/ros/jazzy/opt/gz_physics_vendor:/opt/ros/jazzy/opt/sdformat_vendor:/opt/ros/jazzy/opt/gz_gui_vendor:/opt/ros/jazzy/opt/gz_transport_vendor:/opt/ros/jazzy/opt/gz_rendering_vendor:/opt/ros/jazzy/opt/gz_plugin_vendor:/opt/ros/jazzy/opt/gz_fuel_tools_vendor:/opt/ros/jazzy/opt/gz_msgs_vendor:/opt/ros/jazzy/opt/gz_common_vendor:/opt/ros/jazzy/opt/gz_math_vendor:/opt/ros/jazzy/opt/gz_utils_vendor:/opt/ros/jazzy/opt/gz_tools_vendor:/opt/ros/jazzy/opt/gz_ogre_next_vendor:/opt/ros/jazzy/opt/gz_dartsim_vendor:/opt/ros/jazzy/opt/gz_cmake_vendor:/mnt/c/Users/bubba/code/ros2_ws_code/install/simple_scara_arm:/mnt/c/Users/bubba/code/ros2_ws_code/install/scara_arm:/opt/ros/jazzy LD_LIBRARY_PATH=/mnt/c/Users/bubba/code/ros2_ws_code/install/ros2_control_demo_example_5/lib:/mnt/c/Users/bubba/code/ros2_ws_code/install/ros2_control_demo_example_4/lib:${LD_LIBRARY_PATH} /usr/bin/cmake --build /mnt/c/Users/bubba/code/ros2_ws_code/build/ros2_control_demo_example_13 -- -j16 -l16
[25.636s] Invoking command in '/mnt/c/Users/bubba/code/ros2_ws_code/build/ros2_control_demo_example_13': AMENT_PREFIX_PATH=/mnt/c/Users/bubba/code/ros2_ws_code/install/ros2_control_demo_example_5:/mnt/c/Users/bubba/code/ros2_ws_code/install/ros2_control_demo_example_4:/mnt/c/Users/bubba/code/ros2_ws_code/install/ros2_control_demo_description:${AMENT_PREFIX_PATH} CMAKE_PREFIX_PATH=/mnt/c/Users/bubba/code/ros2_ws_code/install/ros2_control_demo_example_5:/mnt/c/Users/bubba/code/ros2_ws_code/install/ros2_control_demo_example_4:/mnt/c/Users/bubba/code/ros2_ws_code/install/ros2_control_demo_description:/opt/ros/jazzy/opt/gz_sim_vendor:/opt/ros/jazzy/opt/gz_sensors_vendor:/opt/ros/jazzy/opt/gz_physics_vendor:/opt/ros/jazzy/opt/sdformat_vendor:/opt/ros/jazzy/opt/gz_gui_vendor:/opt/ros/jazzy/opt/gz_transport_vendor:/opt/ros/jazzy/opt/gz_rendering_vendor:/opt/ros/jazzy/opt/gz_plugin_vendor:/opt/ros/jazzy/opt/gz_fuel_tools_vendor:/opt/ros/jazzy/opt/gz_msgs_vendor:/opt/ros/jazzy/opt/gz_common_vendor:/opt/ros/jazzy/opt/gz_math_vendor:/opt/ros/jazzy/opt/gz_utils_vendor:/opt/ros/jazzy/opt/gz_tools_vendor:/opt/ros/jazzy/opt/gz_ogre_next_vendor:/opt/ros/jazzy/opt/gz_dartsim_vendor:/opt/ros/jazzy/opt/gz_cmake_vendor:/mnt/c/Users/bubba/code/ros2_ws_code/install/simple_scara_arm:/mnt/c/Users/bubba/code/ros2_ws_code/install/scara_arm:/opt/ros/jazzy LD_LIBRARY_PATH=/mnt/c/Users/bubba/code/ros2_ws_code/install/ros2_control_demo_example_5/lib:/mnt/c/Users/bubba/code/ros2_ws_code/install/ros2_control_demo_example_4/lib:${LD_LIBRARY_PATH} /usr/bin/cmake --install /mnt/c/Users/bubba/code/ros2_ws_code/build/ros2_control_demo_example_13
[25.773s] -- Install configuration: ""
[25.779s] -- Installing: /mnt/c/Users/bubba/code/ros2_ws_code/install/ros2_control_demo_example_13/share/ros2_control_demo_example_13/ros2_control
[25.803s] -- Installing: /mnt/c/Users/bubba/code/ros2_ws_code/install/ros2_control_demo_example_13/share/ros2_control_demo_example_13/ros2_control/threedofbot.ros2_control.xacro
[25.852s] -- Installing: /mnt/c/Users/bubba/code/ros2_ws_code/install/ros2_control_demo_example_13/share/ros2_control_demo_example_13/urdf
[25.875s] -- Installing: /mnt/c/Users/bubba/code/ros2_ws_code/install/ros2_control_demo_example_13/share/ros2_control_demo_example_13/urdf/three_robots.urdf.xacro
[25.922s] -- Installing: /mnt/c/Users/bubba/code/ros2_ws_code/install/ros2_control_demo_example_13/share/ros2_control_demo_example_13/rviz
[25.945s] -- Installing: /mnt/c/Users/bubba/code/ros2_ws_code/install/ros2_control_demo_example_13/share/ros2_control_demo_example_13/rviz/three_robots.rviz
[25.989s] -- Installing: /mnt/c/Users/bubba/code/ros2_ws_code/install/ros2_control_demo_example_13/share/ros2_control_demo_example_13/launch
[26.013s] -- Installing: /mnt/c/Users/bubba/code/ros2_ws_code/install/ros2_control_demo_example_13/share/ros2_control_demo_example_13/launch/three_robots.launch.py
[26.059s] -- Installing: /mnt/c/Users/bubba/code/ros2_ws_code/install/ros2_control_demo_example_13/share/ros2_control_demo_example_13/config
[26.081s] -- Installing: /mnt/c/Users/bubba/code/ros2_ws_code/install/ros2_control_demo_example_13/share/ros2_control_demo_example_13/config/three_robots_controllers.yaml
[26.137s] -- Installing: /mnt/c/Users/bubba/code/ros2_ws_code/install/ros2_control_demo_example_13/share/ros2_control_demo_example_13/config/three_robots_position_command_publishers.yaml
[26.197s] -- Installing: /mnt/c/Users/bubba/code/ros2_ws_code/install/ros2_control_demo_example_13/share/ament_index/resource_index/package_run_dependencies/ros2_control_demo_example_13
[26.264s] -- Installing: /mnt/c/Users/bubba/code/ros2_ws_code/install/ros2_control_demo_example_13/share/ament_index/resource_index/parent_prefix_path/ros2_control_demo_example_13
[26.317s] -- Installing: /mnt/c/Users/bubba/code/ros2_ws_code/install/ros2_control_demo_example_13/share/ros2_control_demo_example_13/environment/ament_prefix_path.sh
[26.356s] -- Installing: /mnt/c/Users/bubba/code/ros2_ws_code/install/ros2_control_demo_example_13/share/ros2_control_demo_example_13/environment/ament_prefix_path.dsv
[26.396s] -- Installing: /mnt/c/Users/bubba/code/ros2_ws_code/install/ros2_control_demo_example_13/share/ros2_control_demo_example_13/environment/path.sh
[26.436s] -- Installing: /mnt/c/Users/bubba/code/ros2_ws_code/install/ros2_control_demo_example_13/share/ros2_control_demo_example_13/environment/path.dsv
[26.482s] -- Installing: /mnt/c/Users/bubba/code/ros2_ws_code/install/ros2_control_demo_example_13/share/ros2_control_demo_example_13/local_setup.bash
[26.518s] -- Installing: /mnt/c/Users/bubba/code/ros2_ws_code/install/ros2_control_demo_example_13/share/ros2_control_demo_example_13/local_setup.sh
[26.553s] -- Installing: /mnt/c/Users/bubba/code/ros2_ws_code/install/ros2_control_demo_example_13/share/ros2_control_demo_example_13/local_setup.zsh
[26.588s] -- Installing: /mnt/c/Users/bubba/code/ros2_ws_code/install/ros2_control_demo_example_13/share/ros2_control_demo_example_13/local_setup.dsv
[26.630s] -- Installing: /mnt/c/Users/bubba/code/ros2_ws_code/install/ros2_control_demo_example_13/share/ros2_control_demo_example_13/package.dsv
[26.687s] -- Installing: /mnt/c/Users/bubba/code/ros2_ws_code/install/ros2_control_demo_example_13/share/ament_index/resource_index/packages/ros2_control_demo_example_13
[26.754s] -- Installing: /mnt/c/Users/bubba/code/ros2_ws_code/install/ros2_control_demo_example_13/share/ros2_control_demo_example_13/cmake/ros2_control_demo_example_13Config.cmake
[26.796s] -- Installing: /mnt/c/Users/bubba/code/ros2_ws_code/install/ros2_control_demo_example_13/share/ros2_control_demo_example_13/cmake/ros2_control_demo_example_13Config-version.cmake
[26.841s] -- Installing: /mnt/c/Users/bubba/code/ros2_ws_code/install/ros2_control_demo_example_13/share/ros2_control_demo_example_13/package.xml
[26.878s] Invoked command in '/mnt/c/Users/bubba/code/ros2_ws_code/build/ros2_control_demo_example_13' returned '0': AMENT_PREFIX_PATH=/mnt/c/Users/bubba/code/ros2_ws_code/install/ros2_control_demo_example_5:/mnt/c/Users/bubba/code/ros2_ws_code/install/ros2_control_demo_example_4:/mnt/c/Users/bubba/code/ros2_ws_code/install/ros2_control_demo_description:${AMENT_PREFIX_PATH} CMAKE_PREFIX_PATH=/mnt/c/Users/bubba/code/ros2_ws_code/install/ros2_control_demo_example_5:/mnt/c/Users/bubba/code/ros2_ws_code/install/ros2_control_demo_example_4:/mnt/c/Users/bubba/code/ros2_ws_code/install/ros2_control_demo_description:/opt/ros/jazzy/opt/gz_sim_vendor:/opt/ros/jazzy/opt/gz_sensors_vendor:/opt/ros/jazzy/opt/gz_physics_vendor:/opt/ros/jazzy/opt/sdformat_vendor:/opt/ros/jazzy/opt/gz_gui_vendor:/opt/ros/jazzy/opt/gz_transport_vendor:/opt/ros/jazzy/opt/gz_rendering_vendor:/opt/ros/jazzy/opt/gz_plugin_vendor:/opt/ros/jazzy/opt/gz_fuel_tools_vendor:/opt/ros/jazzy/opt/gz_msgs_vendor:/opt/ros/jazzy/opt/gz_common_vendor:/opt/ros/jazzy/opt/gz_math_vendor:/opt/ros/jazzy/opt/gz_utils_vendor:/opt/ros/jazzy/opt/gz_tools_vendor:/opt/ros/jazzy/opt/gz_ogre_next_vendor:/opt/ros/jazzy/opt/gz_dartsim_vendor:/opt/ros/jazzy/opt/gz_cmake_vendor:/mnt/c/Users/bubba/code/ros2_ws_code/install/simple_scara_arm:/mnt/c/Users/bubba/code/ros2_ws_code/install/scara_arm:/opt/ros/jazzy LD_LIBRARY_PATH=/mnt/c/Users/bubba/code/ros2_ws_code/install/ros2_control_demo_example_5/lib:/mnt/c/Users/bubba/code/ros2_ws_code/install/ros2_control_demo_example_4/lib:${LD_LIBRARY_PATH} /usr/bin/cmake --install /mnt/c/Users/bubba/code/ros2_ws_code/build/ros2_control_demo_example_13
