[0.553s] Invoking command in '/mnt/c/Users/bubba/code/ros2_ws_code/build/ros2_control_demo_example_3': AMENT_PREFIX_PATH=/mnt/c/Users/bubba/code/ros2_ws_code/install/ros2_control_demo_description:${AMENT_PREFIX_PATH} CMAKE_PREFIX_PATH=/mnt/c/Users/bubba/code/ros2_ws_code/install/ros2_control_demo_description:/opt/ros/jazzy/opt/gz_sim_vendor:/opt/ros/jazzy/opt/gz_sensors_vendor:/opt/ros/jazzy/opt/gz_physics_vendor:/opt/ros/jazzy/opt/sdformat_vendor:/opt/ros/jazzy/opt/gz_gui_vendor:/opt/ros/jazzy/opt/gz_transport_vendor:/opt/ros/jazzy/opt/gz_rendering_vendor:/opt/ros/jazzy/opt/gz_plugin_vendor:/opt/ros/jazzy/opt/gz_fuel_tools_vendor:/opt/ros/jazzy/opt/gz_msgs_vendor:/opt/ros/jazzy/opt/gz_common_vendor:/opt/ros/jazzy/opt/gz_math_vendor:/opt/ros/jazzy/opt/gz_utils_vendor:/opt/ros/jazzy/opt/gz_tools_vendor:/opt/ros/jazzy/opt/gz_ogre_next_vendor:/opt/ros/jazzy/opt/gz_dartsim_vendor:/opt/ros/jazzy/opt/gz_cmake_vendor:/mnt/c/Users/bubba/code/ros2_ws_code/install/simple_scara_arm:/mnt/c/Users/bubba/code/ros2_ws_code/install/scara_arm:/opt/ros/jazzy /usr/bin/cmake /mnt/c/Users/bubba/code/ros2_ws_code/src/ros2_control_demos/example_3 -DCMAKE_INSTALL_PREFIX=/mnt/c/Users/bubba/code/ros2_ws_code/install/ros2_control_demo_example_3
[27.374s] -- The CXX compiler identification is GNU 13.3.0
[27.376s] -- Detecting CXX compiler ABI info
[27.377s] -- Detecting CXX compiler ABI info - done
[27.379s] -- Check for working CXX compiler: /usr/bin/c++ - skipped
[27.381s] -- Detecting CXX compile features
[27.382s] -- Detecting CXX compile features - done
[27.384s] -- Found ros2_control_cmake: 0.3.0 (/opt/ros/jazzy/share/ros2_control_cmake/cmake)
[27.385s] -- Compiler warnings enabled for GNU
[27.387s] -- Detected GCC Version: 13.3.0 (Major: 13, Minor: 3)
[27.389s] -- Found controller_manager: 4.39.2 (/opt/ros/jazzy/share/controller_manager/cmake)
[27.391s] -- Found Python3: /usr/bin/python3 (found version "3.12.3") found components: Interpreter 
[27.392s] -- Found rosidl_generator_c: 4.6.6 (/opt/ros/jazzy/share/rosidl_generator_c/cmake)
[27.393s] -- Found rosidl_generator_cpp: 4.6.6 (/opt/ros/jazzy/share/rosidl_generator_cpp/cmake)
[27.395s] -- Using all available rosidl_typesupport_c: rosidl_typesupport_fastrtps_c;rosidl_typesupport_introspection_c
[27.396s] -- Using all available rosidl_typesupport_cpp: rosidl_typesupport_fastrtps_cpp;rosidl_typesupport_introspection_cpp
[27.397s] -- Found rmw_implementation_cmake: 7.3.2 (/opt/ros/jazzy/share/rmw_implementation_cmake/cmake)
[27.398s] -- Found rmw_fastrtps_cpp: 8.4.3 (/opt/ros/jazzy/share/rmw_fastrtps_cpp/cmake)
[27.400s] -- Found OpenSSL: /usr/lib/x86_64-linux-gnu/libcrypto.so (found version "3.0.13")  
[27.401s] -- Found FastRTPS: /opt/ros/jazzy/include (Required is at least version "2.13") 
[27.403s] -- Using RMW implementation 'rmw_fastrtps_cpp' as default
[27.404s] -- Found ament_cmake_pytest: 2.5.4 (/opt/ros/jazzy/share/ament_cmake_pytest/cmake)
[27.406s] -- Found ament_cmake_ros: 0.12.0 (/opt/ros/jazzy/share/ament_cmake_ros/cmake)
[27.408s] -- Found launch_testing_ament_cmake: 3.4.9 (/opt/ros/jazzy/share/launch_testing_ament_cmake/cmake)
[27.410s] -- Found python_cmake_module: 0.11.1 (/opt/ros/jazzy/share/python_cmake_module/cmake)
[27.411s] -- Found PythonExtra: /usr/bin/python3  
[27.412s] -- Configuring done (25.1s)
[27.413s] -- Generating done (1.0s)
[27.415s] -- Build files have been written to: /mnt/c/Users/bubba/code/ros2_ws_code/build/ros2_control_demo_example_3
[27.467s] Invoked command in '/mnt/c/Users/bubba/code/ros2_ws_code/build/ros2_control_demo_example_3' returned '0': AMENT_PREFIX_PATH=/mnt/c/Users/bubba/code/ros2_ws_code/install/ros2_control_demo_description:${AMENT_PREFIX_PATH} CMAKE_PREFIX_PATH=/mnt/c/Users/bubba/code/ros2_ws_code/install/ros2_control_demo_description:/opt/ros/jazzy/opt/gz_sim_vendor:/opt/ros/jazzy/opt/gz_sensors_vendor:/opt/ros/jazzy/opt/gz_physics_vendor:/opt/ros/jazzy/opt/sdformat_vendor:/opt/ros/jazzy/opt/gz_gui_vendor:/opt/ros/jazzy/opt/gz_transport_vendor:/opt/ros/jazzy/opt/gz_rendering_vendor:/opt/ros/jazzy/opt/gz_plugin_vendor:/opt/ros/jazzy/opt/gz_fuel_tools_vendor:/opt/ros/jazzy/opt/gz_msgs_vendor:/opt/ros/jazzy/opt/gz_common_vendor:/opt/ros/jazzy/opt/gz_math_vendor:/opt/ros/jazzy/opt/gz_utils_vendor:/opt/ros/jazzy/opt/gz_tools_vendor:/opt/ros/jazzy/opt/gz_ogre_next_vendor:/opt/ros/jazzy/opt/gz_dartsim_vendor:/opt/ros/jazzy/opt/gz_cmake_vendor:/mnt/c/Users/bubba/code/ros2_ws_code/install/simple_scara_arm:/mnt/c/Users/bubba/code/ros2_ws_code/install/scara_arm:/opt/ros/jazzy /usr/bin/cmake /mnt/c/Users/bubba/code/ros2_ws_code/src/ros2_control_demos/example_3 -DCMAKE_INSTALL_PREFIX=/mnt/c/Users/bubba/code/ros2_ws_code/install/ros2_control_demo_example_3
[27.472s] Invoking command in '/mnt/c/Users/bubba/code/ros2_ws_code/build/ros2_control_demo_example_3': AMENT_PREFIX_PATH=/mnt/c/Users/bubba/code/ros2_ws_code/install/ros2_control_demo_description:${AMENT_PREFIX_PATH} CMAKE_PREFIX_PATH=/mnt/c/Users/bubba/code/ros2_ws_code/install/ros2_control_demo_description:/opt/ros/jazzy/opt/gz_sim_vendor:/opt/ros/jazzy/opt/gz_sensors_vendor:/opt/ros/jazzy/opt/gz_physics_vendor:/opt/ros/jazzy/opt/sdformat_vendor:/opt/ros/jazzy/opt/gz_gui_vendor:/opt/ros/jazzy/opt/gz_transport_vendor:/opt/ros/jazzy/opt/gz_rendering_vendor:/opt/ros/jazzy/opt/gz_plugin_vendor:/opt/ros/jazzy/opt/gz_fuel_tools_vendor:/opt/ros/jazzy/opt/gz_msgs_vendor:/opt/ros/jazzy/opt/gz_common_vendor:/opt/ros/jazzy/opt/gz_math_vendor:/opt/ros/jazzy/opt/gz_utils_vendor:/opt/ros/jazzy/opt/gz_tools_vendor:/opt/ros/jazzy/opt/gz_ogre_next_vendor:/opt/ros/jazzy/opt/gz_dartsim_vendor:/opt/ros/jazzy/opt/gz_cmake_vendor:/mnt/c/Users/bubba/code/ros2_ws_code/install/simple_scara_arm:/mnt/c/Users/bubba/code/ros2_ws_code/install/scara_arm:/opt/ros/jazzy /usr/bin/cmake --build /mnt/c/Users/bubba/code/ros2_ws_code/build/ros2_control_demo_example_3 -- -j16 -l16
[27.855s] [ 50%] [32mBuilding CXX object CMakeFiles/ros2_control_demo_example_3.dir/hardware/rrbot_system_multi_interface.cpp.o[0m
[44.309s] [100%] [32m[1mLinking CXX shared library libros2_control_demo_example_3.so[0m
[46.749s] [100%] Built target ros2_control_demo_example_3
[46.829s] Invoked command in '/mnt/c/Users/bubba/code/ros2_ws_code/build/ros2_control_demo_example_3' returned '0': AMENT_PREFIX_PATH=/mnt/c/Users/bubba/code/ros2_ws_code/install/ros2_control_demo_description:${AMENT_PREFIX_PATH} CMAKE_PREFIX_PATH=/mnt/c/Users/bubba/code/ros2_ws_code/install/ros2_control_demo_description:/opt/ros/jazzy/opt/gz_sim_vendor:/opt/ros/jazzy/opt/gz_sensors_vendor:/opt/ros/jazzy/opt/gz_physics_vendor:/opt/ros/jazzy/opt/sdformat_vendor:/opt/ros/jazzy/opt/gz_gui_vendor:/opt/ros/jazzy/opt/gz_transport_vendor:/opt/ros/jazzy/opt/gz_rendering_vendor:/opt/ros/jazzy/opt/gz_plugin_vendor:/opt/ros/jazzy/opt/gz_fuel_tools_vendor:/opt/ros/jazzy/opt/gz_msgs_vendor:/opt/ros/jazzy/opt/gz_common_vendor:/opt/ros/jazzy/opt/gz_math_vendor:/opt/ros/jazzy/opt/gz_utils_vendor:/opt/ros/jazzy/opt/gz_tools_vendor:/opt/ros/jazzy/opt/gz_ogre_next_vendor:/opt/ros/jazzy/opt/gz_dartsim_vendor:/opt/ros/jazzy/opt/gz_cmake_vendor:/mnt/c/Users/bubba/code/ros2_ws_code/install/simple_scara_arm:/mnt/c/Users/bubba/code/ros2_ws_code/install/scara_arm:/opt/ros/jazzy /usr/bin/cmake --build /mnt/c/Users/bubba/code/ros2_ws_code/build/ros2_control_demo_example_3 -- -j16 -l16
[46.858s] Invoking command in '/mnt/c/Users/bubba/code/ros2_ws_code/build/ros2_control_demo_example_3': AMENT_PREFIX_PATH=/mnt/c/Users/bubba/code/ros2_ws_code/install/ros2_control_demo_description:${AMENT_PREFIX_PATH} CMAKE_PREFIX_PATH=/mnt/c/Users/bubba/code/ros2_ws_code/install/ros2_control_demo_description:/opt/ros/jazzy/opt/gz_sim_vendor:/opt/ros/jazzy/opt/gz_sensors_vendor:/opt/ros/jazzy/opt/gz_physics_vendor:/opt/ros/jazzy/opt/sdformat_vendor:/opt/ros/jazzy/opt/gz_gui_vendor:/opt/ros/jazzy/opt/gz_transport_vendor:/opt/ros/jazzy/opt/gz_rendering_vendor:/opt/ros/jazzy/opt/gz_plugin_vendor:/opt/ros/jazzy/opt/gz_fuel_tools_vendor:/opt/ros/jazzy/opt/gz_msgs_vendor:/opt/ros/jazzy/opt/gz_common_vendor:/opt/ros/jazzy/opt/gz_math_vendor:/opt/ros/jazzy/opt/gz_utils_vendor:/opt/ros/jazzy/opt/gz_tools_vendor:/opt/ros/jazzy/opt/gz_ogre_next_vendor:/opt/ros/jazzy/opt/gz_dartsim_vendor:/opt/ros/jazzy/opt/gz_cmake_vendor:/mnt/c/Users/bubba/code/ros2_ws_code/install/simple_scara_arm:/mnt/c/Users/bubba/code/ros2_ws_code/install/scara_arm:/opt/ros/jazzy /usr/bin/cmake --install /mnt/c/Users/bubba/code/ros2_ws_code/build/ros2_control_demo_example_3
[48.074s] -- Install configuration: ""
[48.076s] -- Installing: /mnt/c/Users/bubba/code/ros2_ws_code/install/ros2_control_demo_example_3/share/ros2_control_demo_example_3/ros2_control_demo_example_3.xml
[48.078s] -- Installing: /mnt/c/Users/bubba/code/ros2_ws_code/install/ros2_control_demo_example_3/include/ros2_control_demo_example_3
[48.079s] -- Installing: /mnt/c/Users/bubba/code/ros2_ws_code/install/ros2_control_demo_example_3/include/ros2_control_demo_example_3/ros2_control_demo_example_3
[48.081s] -- Installing: /mnt/c/Users/bubba/code/ros2_ws_code/install/ros2_control_demo_example_3/include/ros2_control_demo_example_3/ros2_control_demo_example_3/rrbot_system_multi_interface.hpp
[48.083s] -- Installing: /mnt/c/Users/bubba/code/ros2_ws_code/install/ros2_control_demo_example_3/share/ros2_control_demo_example_3/launch
[48.085s] -- Installing: /mnt/c/Users/bubba/code/ros2_ws_code/install/ros2_control_demo_example_3/share/ros2_control_demo_example_3/launch/view_robot.launch.py
[48.086s] -- Installing: /mnt/c/Users/bubba/code/ros2_ws_code/install/ros2_control_demo_example_3/share/ros2_control_demo_example_3/ros2_control
[48.088s] -- Installing: /mnt/c/Users/bubba/code/ros2_ws_code/install/ros2_control_demo_example_3/share/ros2_control_demo_example_3/ros2_control/rrbot_system_multi_interface.ros2_control.xacro
[48.090s] -- Installing: /mnt/c/Users/bubba/code/ros2_ws_code/install/ros2_control_demo_example_3/share/ros2_control_demo_example_3/urdf
[48.092s] -- Installing: /mnt/c/Users/bubba/code/ros2_ws_code/install/ros2_control_demo_example_3/share/ros2_control_demo_example_3/urdf/rrbot_system_multi_interface.urdf.xacro
[48.094s] -- Up-to-date: /mnt/c/Users/bubba/code/ros2_ws_code/install/ros2_control_demo_example_3/share/ros2_control_demo_example_3/launch
[48.096s] -- Installing: /mnt/c/Users/bubba/code/ros2_ws_code/install/ros2_control_demo_example_3/share/ros2_control_demo_example_3/launch/rrbot_system_multi_interface.launch.py
[48.098s] -- Installing: /mnt/c/Users/bubba/code/ros2_ws_code/install/ros2_control_demo_example_3/share/ros2_control_demo_example_3/launch/test_forward_position_controller.launch.py
[48.175s] -- Installing: /mnt/c/Users/bubba/code/ros2_ws_code/install/ros2_control_demo_example_3/share/ros2_control_demo_example_3/config
[48.234s] -- Installing: /mnt/c/Users/bubba/code/ros2_ws_code/install/ros2_control_demo_example_3/share/ros2_control_demo_example_3/config/rrbot_forward_position_publisher.yaml
[48.377s] -- Installing: /mnt/c/Users/bubba/code/ros2_ws_code/install/ros2_control_demo_example_3/share/ros2_control_demo_example_3/config/rrbot_multi_interface_forward_controllers.yaml
[48.509s] -- Installing: /mnt/c/Users/bubba/code/ros2_ws_code/install/ros2_control_demo_example_3/lib/libros2_control_demo_example_3.so
[48.765s] -- Set non-toolchain portion of runtime path of "/mnt/c/Users/bubba/code/ros2_ws_code/install/ros2_control_demo_example_3/lib/libros2_control_demo_example_3.so" to ""
[48.802s] -- Installing: /mnt/c/Users/bubba/code/ros2_ws_code/install/ros2_control_demo_example_3/share/ros2_control_demo_example_3/environment/library_path.sh
[48.917s] -- Installing: /mnt/c/Users/bubba/code/ros2_ws_code/install/ros2_control_demo_example_3/share/ros2_control_demo_example_3/environment/library_path.dsv
[49.083s] -- Installing: /mnt/c/Users/bubba/code/ros2_ws_code/install/ros2_control_demo_example_3/share/ament_index/resource_index/package_run_dependencies/ros2_control_demo_example_3
[49.301s] -- Installing: /mnt/c/Users/bubba/code/ros2_ws_code/install/ros2_control_demo_example_3/share/ament_index/resource_index/parent_prefix_path/ros2_control_demo_example_3
[49.453s] -- Installing: /mnt/c/Users/bubba/code/ros2_ws_code/install/ros2_control_demo_example_3/share/ros2_control_demo_example_3/environment/ament_prefix_path.sh
[49.563s] -- Installing: /mnt/c/Users/bubba/code/ros2_ws_code/install/ros2_control_demo_example_3/share/ros2_control_demo_example_3/environment/ament_prefix_path.dsv
[49.696s] -- Installing: /mnt/c/Users/bubba/code/ros2_ws_code/install/ros2_control_demo_example_3/share/ros2_control_demo_example_3/environment/path.sh
[49.818s] -- Installing: /mnt/c/Users/bubba/code/ros2_ws_code/install/ros2_control_demo_example_3/share/ros2_control_demo_example_3/environment/path.dsv
[49.950s] -- Installing: /mnt/c/Users/bubba/code/ros2_ws_code/install/ros2_control_demo_example_3/share/ros2_control_demo_example_3/local_setup.bash
[50.061s] -- Installing: /mnt/c/Users/bubba/code/ros2_ws_code/install/ros2_control_demo_example_3/share/ros2_control_demo_example_3/local_setup.sh
[50.209s] -- Installing: /mnt/c/Users/bubba/code/ros2_ws_code/install/ros2_control_demo_example_3/share/ros2_control_demo_example_3/local_setup.zsh
[50.327s] -- Installing: /mnt/c/Users/bubba/code/ros2_ws_code/install/ros2_control_demo_example_3/share/ros2_control_demo_example_3/local_setup.dsv
[50.438s] -- Installing: /mnt/c/Users/bubba/code/ros2_ws_code/install/ros2_control_demo_example_3/share/ros2_control_demo_example_3/package.dsv
[50.594s] -- Installing: /mnt/c/Users/bubba/code/ros2_ws_code/install/ros2_control_demo_example_3/share/ament_index/resource_index/packages/ros2_control_demo_example_3
[50.789s] -- Installing: /mnt/c/Users/bubba/code/ros2_ws_code/install/ros2_control_demo_example_3/share/ament_index/resource_index/hardware_interface__pluginlib__plugin/ros2_control_demo_example_3
[50.966s] -- Installing: /mnt/c/Users/bubba/code/ros2_ws_code/install/ros2_control_demo_example_3/share/ros2_control_demo_example_3/cmake/export_ros2_control_demo_example_3Export.cmake
[51.107s] -- Installing: /mnt/c/Users/bubba/code/ros2_ws_code/install/ros2_control_demo_example_3/share/ros2_control_demo_example_3/cmake/export_ros2_control_demo_example_3Export-noconfig.cmake
[51.228s] -- Installing: /mnt/c/Users/bubba/code/ros2_ws_code/install/ros2_control_demo_example_3/share/ros2_control_demo_example_3/cmake/ament_cmake_export_targets-extras.cmake
[51.350s] -- Installing: /mnt/c/Users/bubba/code/ros2_ws_code/install/ros2_control_demo_example_3/share/ros2_control_demo_example_3/cmake/ament_cmake_export_dependencies-extras.cmake
[51.459s] -- Installing: /mnt/c/Users/bubba/code/ros2_ws_code/install/ros2_control_demo_example_3/share/ros2_control_demo_example_3/cmake/ros2_control_demo_example_3Config.cmake
[51.561s] -- Installing: /mnt/c/Users/bubba/code/ros2_ws_code/install/ros2_control_demo_example_3/share/ros2_control_demo_example_3/cmake/ros2_control_demo_example_3Config-version.cmake
[51.659s] -- Installing: /mnt/c/Users/bubba/code/ros2_ws_code/install/ros2_control_demo_example_3/share/ros2_control_demo_example_3/package.xml
[54.413s] Invoked command in '/mnt/c/Users/bubba/code/ros2_ws_code/build/ros2_control_demo_example_3' returned '0': AMENT_PREFIX_PATH=/mnt/c/Users/bubba/code/ros2_ws_code/install/ros2_control_demo_description:${AMENT_PREFIX_PATH} CMAKE_PREFIX_PATH=/mnt/c/Users/bubba/code/ros2_ws_code/install/ros2_control_demo_description:/opt/ros/jazzy/opt/gz_sim_vendor:/opt/ros/jazzy/opt/gz_sensors_vendor:/opt/ros/jazzy/opt/gz_physics_vendor:/opt/ros/jazzy/opt/sdformat_vendor:/opt/ros/jazzy/opt/gz_gui_vendor:/opt/ros/jazzy/opt/gz_transport_vendor:/opt/ros/jazzy/opt/gz_rendering_vendor:/opt/ros/jazzy/opt/gz_plugin_vendor:/opt/ros/jazzy/opt/gz_fuel_tools_vendor:/opt/ros/jazzy/opt/gz_msgs_vendor:/opt/ros/jazzy/opt/gz_common_vendor:/opt/ros/jazzy/opt/gz_math_vendor:/opt/ros/jazzy/opt/gz_utils_vendor:/opt/ros/jazzy/opt/gz_tools_vendor:/opt/ros/jazzy/opt/gz_ogre_next_vendor:/opt/ros/jazzy/opt/gz_dartsim_vendor:/opt/ros/jazzy/opt/gz_cmake_vendor:/mnt/c/Users/bubba/code/ros2_ws_code/install/simple_scara_arm:/mnt/c/Users/bubba/code/ros2_ws_code/install/scara_arm:/opt/ros/jazzy /usr/bin/cmake --install /mnt/c/Users/bubba/code/ros2_ws_code/build/ros2_control_demo_example_3
