[0.525s] Invoking command in '/mnt/c/Users/bubba/code/ros2_ws_code/build/ros2_control_demo_example_1': AMENT_PREFIX_PATH=/mnt/c/Users/bubba/code/ros2_ws_code/install/ros2_control_demo_description:${AMENT_PREFIX_PATH} CMAKE_PREFIX_PATH=/mnt/c/Users/bubba/code/ros2_ws_code/install/ros2_control_demo_description:/opt/ros/jazzy/opt/gz_sim_vendor:/opt/ros/jazzy/opt/gz_sensors_vendor:/opt/ros/jazzy/opt/gz_physics_vendor:/opt/ros/jazzy/opt/sdformat_vendor:/opt/ros/jazzy/opt/gz_gui_vendor:/opt/ros/jazzy/opt/gz_transport_vendor:/opt/ros/jazzy/opt/gz_rendering_vendor:/opt/ros/jazzy/opt/gz_plugin_vendor:/opt/ros/jazzy/opt/gz_fuel_tools_vendor:/opt/ros/jazzy/opt/gz_msgs_vendor:/opt/ros/jazzy/opt/gz_common_vendor:/opt/ros/jazzy/opt/gz_math_vendor:/opt/ros/jazzy/opt/gz_utils_vendor:/opt/ros/jazzy/opt/gz_tools_vendor:/opt/ros/jazzy/opt/gz_ogre_next_vendor:/opt/ros/jazzy/opt/gz_dartsim_vendor:/opt/ros/jazzy/opt/gz_cmake_vendor:/mnt/c/Users/bubba/code/ros2_ws_code/install/simple_scara_arm:/mnt/c/Users/bubba/code/ros2_ws_code/install/scara_arm:/opt/ros/jazzy /usr/bin/cmake /mnt/c/Users/bubba/code/ros2_ws_code/src/ros2_control_demos/example_1 -DCMAKE_INSTALL_PREFIX=/mnt/c/Users/bubba/code/ros2_ws_code/install/ros2_control_demo_example_1
[1.051s] -- The CXX compiler identification is GNU 13.3.0
[2.440s] -- Detecting CXX compiler ABI info
[4.015s] -- Detecting CXX compiler ABI info - done
[4.081s] -- Check for working CXX compiler: /usr/bin/c++ - skipped
[4.082s] -- Detecting CXX compile features
[4.084s] -- Detecting CXX compile features - done
[4.339s] -- Found ros2_control_cmake: 0.3.0 (/opt/ros/jazzy/share/ros2_control_cmake/cmake)
[4.341s] -- Compiler warnings enabled for GNU
[4.342s] -- Detected GCC Version: 13.3.0 (Major: 13, Minor: 3)
[4.474s] -- Found controller_manager: 4.39.2 (/opt/ros/jazzy/share/controller_manager/cmake)
[5.599s] -- Found Python3: /usr/bin/python3 (found version "3.12.3") found components: Interpreter 
[9.627s] -- Found rosidl_generator_c: 4.6.6 (/opt/ros/jazzy/share/rosidl_generator_c/cmake)
[10.028s] -- Found rosidl_generator_cpp: 4.6.6 (/opt/ros/jazzy/share/rosidl_generator_cpp/cmake)
[10.461s] -- Using all available rosidl_typesupport_c: rosidl_typesupport_fastrtps_c;rosidl_typesupport_introspection_c
[10.895s] -- Using all available rosidl_typesupport_cpp: rosidl_typesupport_fastrtps_cpp;rosidl_typesupport_introspection_cpp
[12.318s] -- Found rmw_implementation_cmake: 7.3.2 (/opt/ros/jazzy/share/rmw_implementation_cmake/cmake)
[12.448s] -- Found rmw_fastrtps_cpp: 8.4.3 (/opt/ros/jazzy/share/rmw_fastrtps_cpp/cmake)
[13.394s] -- Found OpenSSL: /usr/lib/x86_64-linux-gnu/libcrypto.so (found version "3.0.13")  
[13.862s] -- Found FastRTPS: /opt/ros/jazzy/include (Required is at least version "2.13") 
[14.130s] -- Using RMW implementation 'rmw_fastrtps_cpp' as default
[22.197s] -- Found ament_cmake_pytest: 2.5.4 (/opt/ros/jazzy/share/ament_cmake_pytest/cmake)
[23.578s] -- Found ament_cmake_ros: 0.12.0 (/opt/ros/jazzy/share/ament_cmake_ros/cmake)
[23.939s] -- Found launch_testing_ament_cmake: 3.4.9 (/opt/ros/jazzy/share/launch_testing_ament_cmake/cmake)
[24.076s] -- Found python_cmake_module: 0.11.1 (/opt/ros/jazzy/share/python_cmake_module/cmake)
[24.633s] -- Found PythonExtra: /usr/bin/python3  
[25.972s] -- Configuring done (25.4s)
[27.198s] -- Generating done (1.0s)
[27.653s] -- Build files have been written to: /mnt/c/Users/bubba/code/ros2_ws_code/build/ros2_control_demo_example_1
[27.929s] Invoked command in '/mnt/c/Users/bubba/code/ros2_ws_code/build/ros2_control_demo_example_1' returned '0': AMENT_PREFIX_PATH=/mnt/c/Users/bubba/code/ros2_ws_code/install/ros2_control_demo_description:${AMENT_PREFIX_PATH} CMAKE_PREFIX_PATH=/mnt/c/Users/bubba/code/ros2_ws_code/install/ros2_control_demo_description:/opt/ros/jazzy/opt/gz_sim_vendor:/opt/ros/jazzy/opt/gz_sensors_vendor:/opt/ros/jazzy/opt/gz_physics_vendor:/opt/ros/jazzy/opt/sdformat_vendor:/opt/ros/jazzy/opt/gz_gui_vendor:/opt/ros/jazzy/opt/gz_transport_vendor:/opt/ros/jazzy/opt/gz_rendering_vendor:/opt/ros/jazzy/opt/gz_plugin_vendor:/opt/ros/jazzy/opt/gz_fuel_tools_vendor:/opt/ros/jazzy/opt/gz_msgs_vendor:/opt/ros/jazzy/opt/gz_common_vendor:/opt/ros/jazzy/opt/gz_math_vendor:/opt/ros/jazzy/opt/gz_utils_vendor:/opt/ros/jazzy/opt/gz_tools_vendor:/opt/ros/jazzy/opt/gz_ogre_next_vendor:/opt/ros/jazzy/opt/gz_dartsim_vendor:/opt/ros/jazzy/opt/gz_cmake_vendor:/mnt/c/Users/bubba/code/ros2_ws_code/install/simple_scara_arm:/mnt/c/Users/bubba/code/ros2_ws_code/install/scara_arm:/opt/ros/jazzy /usr/bin/cmake /mnt/c/Users/bubba/code/ros2_ws_code/src/ros2_control_demos/example_1 -DCMAKE_INSTALL_PREFIX=/mnt/c/Users/bubba/code/ros2_ws_code/install/ros2_control_demo_example_1
[27.934s] Invoking command in '/mnt/c/Users/bubba/code/ros2_ws_code/build/ros2_control_demo_example_1': AMENT_PREFIX_PATH=/mnt/c/Users/bubba/code/ros2_ws_code/install/ros2_control_demo_description:${AMENT_PREFIX_PATH} CMAKE_PREFIX_PATH=/mnt/c/Users/bubba/code/ros2_ws_code/install/ros2_control_demo_description:/opt/ros/jazzy/opt/gz_sim_vendor:/opt/ros/jazzy/opt/gz_sensors_vendor:/opt/ros/jazzy/opt/gz_physics_vendor:/opt/ros/jazzy/opt/sdformat_vendor:/opt/ros/jazzy/opt/gz_gui_vendor:/opt/ros/jazzy/opt/gz_transport_vendor:/opt/ros/jazzy/opt/gz_rendering_vendor:/opt/ros/jazzy/opt/gz_plugin_vendor:/opt/ros/jazzy/opt/gz_fuel_tools_vendor:/opt/ros/jazzy/opt/gz_msgs_vendor:/opt/ros/jazzy/opt/gz_common_vendor:/opt/ros/jazzy/opt/gz_math_vendor:/opt/ros/jazzy/opt/gz_utils_vendor:/opt/ros/jazzy/opt/gz_tools_vendor:/opt/ros/jazzy/opt/gz_ogre_next_vendor:/opt/ros/jazzy/opt/gz_dartsim_vendor:/opt/ros/jazzy/opt/gz_cmake_vendor:/mnt/c/Users/bubba/code/ros2_ws_code/install/simple_scara_arm:/mnt/c/Users/bubba/code/ros2_ws_code/install/scara_arm:/opt/ros/jazzy /usr/bin/cmake --build /mnt/c/Users/bubba/code/ros2_ws_code/build/ros2_control_demo_example_1 -- -j16 -l16
[28.187s] [ 50%] [32mBuilding CXX object CMakeFiles/ros2_control_demo_example_1.dir/hardware/rrbot.cpp.o[0m
[44.311s] [100%] [32m[1mLinking CXX shared library libros2_control_demo_example_1.so[0m
[46.779s] [100%] Built target ros2_control_demo_example_1
[46.851s] Invoked command in '/mnt/c/Users/bubba/code/ros2_ws_code/build/ros2_control_demo_example_1' returned '0': AMENT_PREFIX_PATH=/mnt/c/Users/bubba/code/ros2_ws_code/install/ros2_control_demo_description:${AMENT_PREFIX_PATH} CMAKE_PREFIX_PATH=/mnt/c/Users/bubba/code/ros2_ws_code/install/ros2_control_demo_description:/opt/ros/jazzy/opt/gz_sim_vendor:/opt/ros/jazzy/opt/gz_sensors_vendor:/opt/ros/jazzy/opt/gz_physics_vendor:/opt/ros/jazzy/opt/sdformat_vendor:/opt/ros/jazzy/opt/gz_gui_vendor:/opt/ros/jazzy/opt/gz_transport_vendor:/opt/ros/jazzy/opt/gz_rendering_vendor:/opt/ros/jazzy/opt/gz_plugin_vendor:/opt/ros/jazzy/opt/gz_fuel_tools_vendor:/opt/ros/jazzy/opt/gz_msgs_vendor:/opt/ros/jazzy/opt/gz_common_vendor:/opt/ros/jazzy/opt/gz_math_vendor:/opt/ros/jazzy/opt/gz_utils_vendor:/opt/ros/jazzy/opt/gz_tools_vendor:/opt/ros/jazzy/opt/gz_ogre_next_vendor:/opt/ros/jazzy/opt/gz_dartsim_vendor:/opt/ros/jazzy/opt/gz_cmake_vendor:/mnt/c/Users/bubba/code/ros2_ws_code/install/simple_scara_arm:/mnt/c/Users/bubba/code/ros2_ws_code/install/scara_arm:/opt/ros/jazzy /usr/bin/cmake --build /mnt/c/Users/bubba/code/ros2_ws_code/build/ros2_control_demo_example_1 -- -j16 -l16
[46.886s] Invoking command in '/mnt/c/Users/bubba/code/ros2_ws_code/build/ros2_control_demo_example_1': AMENT_PREFIX_PATH=/mnt/c/Users/bubba/code/ros2_ws_code/install/ros2_control_demo_description:${AMENT_PREFIX_PATH} CMAKE_PREFIX_PATH=/mnt/c/Users/bubba/code/ros2_ws_code/install/ros2_control_demo_description:/opt/ros/jazzy/opt/gz_sim_vendor:/opt/ros/jazzy/opt/gz_sensors_vendor:/opt/ros/jazzy/opt/gz_physics_vendor:/opt/ros/jazzy/opt/sdformat_vendor:/opt/ros/jazzy/opt/gz_gui_vendor:/opt/ros/jazzy/opt/gz_transport_vendor:/opt/ros/jazzy/opt/gz_rendering_vendor:/opt/ros/jazzy/opt/gz_plugin_vendor:/opt/ros/jazzy/opt/gz_fuel_tools_vendor:/opt/ros/jazzy/opt/gz_msgs_vendor:/opt/ros/jazzy/opt/gz_common_vendor:/opt/ros/jazzy/opt/gz_math_vendor:/opt/ros/jazzy/opt/gz_utils_vendor:/opt/ros/jazzy/opt/gz_tools_vendor:/opt/ros/jazzy/opt/gz_ogre_next_vendor:/opt/ros/jazzy/opt/gz_dartsim_vendor:/opt/ros/jazzy/opt/gz_cmake_vendor:/mnt/c/Users/bubba/code/ros2_ws_code/install/simple_scara_arm:/mnt/c/Users/bubba/code/ros2_ws_code/install/scara_arm:/opt/ros/jazzy /usr/bin/cmake --install /mnt/c/Users/bubba/code/ros2_ws_code/build/ros2_control_demo_example_1
[47.866s] -- Install configuration: ""
[47.867s] -- Installing: /mnt/c/Users/bubba/code/ros2_ws_code/install/ros2_control_demo_example_1/share/ros2_control_demo_example_1/ros2_control_demo_example_1.xml
[47.869s] -- Installing: /mnt/c/Users/bubba/code/ros2_ws_code/install/ros2_control_demo_example_1/include/ros2_control_demo_example_1
[47.871s] -- Installing: /mnt/c/Users/bubba/code/ros2_ws_code/install/ros2_control_demo_example_1/include/ros2_control_demo_example_1/ros2_control_demo_example_1
[47.872s] -- Installing: /mnt/c/Users/bubba/code/ros2_ws_code/install/ros2_control_demo_example_1/include/ros2_control_demo_example_1/ros2_control_demo_example_1/rrbot.hpp
[47.874s] -- Installing: /mnt/c/Users/bubba/code/ros2_ws_code/install/ros2_control_demo_example_1/share/ros2_control_demo_example_1/launch
[47.875s] -- Installing: /mnt/c/Users/bubba/code/ros2_ws_code/install/ros2_control_demo_example_1/share/ros2_control_demo_example_1/launch/view_robot.launch.py
[47.877s] -- Installing: /mnt/c/Users/bubba/code/ros2_ws_code/install/ros2_control_demo_example_1/share/ros2_control_demo_example_1/ros2_control
[47.879s] -- Installing: /mnt/c/Users/bubba/code/ros2_ws_code/install/ros2_control_demo_example_1/share/ros2_control_demo_example_1/ros2_control/rrbot.ros2_control.xacro
[47.881s] -- Installing: /mnt/c/Users/bubba/code/ros2_ws_code/install/ros2_control_demo_example_1/share/ros2_control_demo_example_1/urdf
[47.882s] -- Installing: /mnt/c/Users/bubba/code/ros2_ws_code/install/ros2_control_demo_example_1/share/ros2_control_demo_example_1/urdf/rrbot.urdf.xacro
[47.927s] -- Up-to-date: /mnt/c/Users/bubba/code/ros2_ws_code/install/ros2_control_demo_example_1/share/ros2_control_demo_example_1/launch
[47.978s] -- Installing: /mnt/c/Users/bubba/code/ros2_ws_code/install/ros2_control_demo_example_1/share/ros2_control_demo_example_1/launch/rrbot.launch.py
[48.119s] -- Installing: /mnt/c/Users/bubba/code/ros2_ws_code/install/ros2_control_demo_example_1/share/ros2_control_demo_example_1/launch/test_forward_position_controller.launch.py
[48.261s] -- Installing: /mnt/c/Users/bubba/code/ros2_ws_code/install/ros2_control_demo_example_1/share/ros2_control_demo_example_1/launch/test_joint_trajectory_controller.launch.py
[48.407s] -- Installing: /mnt/c/Users/bubba/code/ros2_ws_code/install/ros2_control_demo_example_1/share/ros2_control_demo_example_1/config
[48.466s] -- Installing: /mnt/c/Users/bubba/code/ros2_ws_code/install/ros2_control_demo_example_1/share/ros2_control_demo_example_1/config/rrbot_controllers.yaml
[48.609s] -- Installing: /mnt/c/Users/bubba/code/ros2_ws_code/install/ros2_control_demo_example_1/share/ros2_control_demo_example_1/config/rrbot_forward_position_publisher.yaml
[48.751s] -- Installing: /mnt/c/Users/bubba/code/ros2_ws_code/install/ros2_control_demo_example_1/share/ros2_control_demo_example_1/config/rrbot_joint_trajectory_publisher.yaml
[48.888s] -- Installing: /mnt/c/Users/bubba/code/ros2_ws_code/install/ros2_control_demo_example_1/share/ros2_control_demo_example_1/config/rrbot_jtc.yaml
[49.011s] -- Installing: /mnt/c/Users/bubba/code/ros2_ws_code/install/ros2_control_demo_example_1/lib/libros2_control_demo_example_1.so
[49.277s] -- Set non-toolchain portion of runtime path of "/mnt/c/Users/bubba/code/ros2_ws_code/install/ros2_control_demo_example_1/lib/libros2_control_demo_example_1.so" to ""
[49.313s] -- Installing: /mnt/c/Users/bubba/code/ros2_ws_code/install/ros2_control_demo_example_1/share/ros2_control_demo_example_1/environment/library_path.sh
[49.430s] -- Installing: /mnt/c/Users/bubba/code/ros2_ws_code/install/ros2_control_demo_example_1/share/ros2_control_demo_example_1/environment/library_path.dsv
[49.598s] -- Installing: /mnt/c/Users/bubba/code/ros2_ws_code/install/ros2_control_demo_example_1/share/ament_index/resource_index/package_run_dependencies/ros2_control_demo_example_1
[49.803s] -- Installing: /mnt/c/Users/bubba/code/ros2_ws_code/install/ros2_control_demo_example_1/share/ament_index/resource_index/parent_prefix_path/ros2_control_demo_example_1
[49.972s] -- Installing: /mnt/c/Users/bubba/code/ros2_ws_code/install/ros2_control_demo_example_1/share/ros2_control_demo_example_1/environment/ament_prefix_path.sh
[50.096s] -- Installing: /mnt/c/Users/bubba/code/ros2_ws_code/install/ros2_control_demo_example_1/share/ros2_control_demo_example_1/environment/ament_prefix_path.dsv
[50.219s] -- Installing: /mnt/c/Users/bubba/code/ros2_ws_code/install/ros2_control_demo_example_1/share/ros2_control_demo_example_1/environment/path.sh
[50.337s] -- Installing: /mnt/c/Users/bubba/code/ros2_ws_code/install/ros2_control_demo_example_1/share/ros2_control_demo_example_1/environment/path.dsv
[50.499s] -- Installing: /mnt/c/Users/bubba/code/ros2_ws_code/install/ros2_control_demo_example_1/share/ros2_control_demo_example_1/local_setup.bash
[50.620s] -- Installing: /mnt/c/Users/bubba/code/ros2_ws_code/install/ros2_control_demo_example_1/share/ros2_control_demo_example_1/local_setup.sh
[50.732s] -- Installing: /mnt/c/Users/bubba/code/ros2_ws_code/install/ros2_control_demo_example_1/share/ros2_control_demo_example_1/local_setup.zsh
[50.836s] -- Installing: /mnt/c/Users/bubba/code/ros2_ws_code/install/ros2_control_demo_example_1/share/ros2_control_demo_example_1/local_setup.dsv
[50.942s] -- Installing: /mnt/c/Users/bubba/code/ros2_ws_code/install/ros2_control_demo_example_1/share/ros2_control_demo_example_1/package.dsv
[51.092s] -- Installing: /mnt/c/Users/bubba/code/ros2_ws_code/install/ros2_control_demo_example_1/share/ament_index/resource_index/packages/ros2_control_demo_example_1
[51.332s] -- Installing: /mnt/c/Users/bubba/code/ros2_ws_code/install/ros2_control_demo_example_1/share/ament_index/resource_index/hardware_interface__pluginlib__plugin/ros2_control_demo_example_1
[51.460s] -- Installing: /mnt/c/Users/bubba/code/ros2_ws_code/install/ros2_control_demo_example_1/share/ros2_control_demo_example_1/cmake/export_ros2_control_demo_example_1Export.cmake
[51.593s] -- Installing: /mnt/c/Users/bubba/code/ros2_ws_code/install/ros2_control_demo_example_1/share/ros2_control_demo_example_1/cmake/export_ros2_control_demo_example_1Export-noconfig.cmake
[51.719s] -- Installing: /mnt/c/Users/bubba/code/ros2_ws_code/install/ros2_control_demo_example_1/share/ros2_control_demo_example_1/cmake/ament_cmake_export_targets-extras.cmake
[51.831s] -- Installing: /mnt/c/Users/bubba/code/ros2_ws_code/install/ros2_control_demo_example_1/share/ros2_control_demo_example_1/cmake/ament_cmake_export_dependencies-extras.cmake
[51.935s] -- Installing: /mnt/c/Users/bubba/code/ros2_ws_code/install/ros2_control_demo_example_1/share/ros2_control_demo_example_1/cmake/ros2_control_demo_example_1Config.cmake
[52.028s] -- Installing: /mnt/c/Users/bubba/code/ros2_ws_code/install/ros2_control_demo_example_1/share/ros2_control_demo_example_1/cmake/ros2_control_demo_example_1Config-version.cmake
[52.122s] -- Installing: /mnt/c/Users/bubba/code/ros2_ws_code/install/ros2_control_demo_example_1/share/ros2_control_demo_example_1/package.xml
[54.117s] Invoked command in '/mnt/c/Users/bubba/code/ros2_ws_code/build/ros2_control_demo_example_1' returned '0': AMENT_PREFIX_PATH=/mnt/c/Users/bubba/code/ros2_ws_code/install/ros2_control_demo_description:${AMENT_PREFIX_PATH} CMAKE_PREFIX_PATH=/mnt/c/Users/bubba/code/ros2_ws_code/install/ros2_control_demo_description:/opt/ros/jazzy/opt/gz_sim_vendor:/opt/ros/jazzy/opt/gz_sensors_vendor:/opt/ros/jazzy/opt/gz_physics_vendor:/opt/ros/jazzy/opt/sdformat_vendor:/opt/ros/jazzy/opt/gz_gui_vendor:/opt/ros/jazzy/opt/gz_transport_vendor:/opt/ros/jazzy/opt/gz_rendering_vendor:/opt/ros/jazzy/opt/gz_plugin_vendor:/opt/ros/jazzy/opt/gz_fuel_tools_vendor:/opt/ros/jazzy/opt/gz_msgs_vendor:/opt/ros/jazzy/opt/gz_common_vendor:/opt/ros/jazzy/opt/gz_math_vendor:/opt/ros/jazzy/opt/gz_utils_vendor:/opt/ros/jazzy/opt/gz_tools_vendor:/opt/ros/jazzy/opt/gz_ogre_next_vendor:/opt/ros/jazzy/opt/gz_dartsim_vendor:/opt/ros/jazzy/opt/gz_cmake_vendor:/mnt/c/Users/bubba/code/ros2_ws_code/install/simple_scara_arm:/mnt/c/Users/bubba/code/ros2_ws_code/install/scara_arm:/opt/ros/jazzy /usr/bin/cmake --install /mnt/c/Users/bubba/code/ros2_ws_code/build/ros2_control_demo_example_1
